<?xml version="1.0" encoding="UTF-8"?>
<testsuite name="test.pivotal.pal.tracker.JdbcTimeEntryRepositoryTest" tests="8" skipped="0" failures="0" errors="0" timestamp="2017-09-07T03:01:03" hostname="LIN37000770" time="0.551">
  <properties/>
  <testcase name="updateReturnsTheUpdatedRecord" classname="test.pivotal.pal.tracker.JdbcTimeEntryRepositoryTest" time="0.333"/>
  <testcase name="createReturnsTheCreatedTimeEntry" classname="test.pivotal.pal.tracker.JdbcTimeEntryRepositoryTest" time="0.047"/>
  <testcase name="findReturnsNullWhenNotFound" classname="test.pivotal.pal.tracker.JdbcTimeEntryRepositoryTest" time="0.016"/>
  <testcase name="createInsertsATimeEntryRecord" classname="test.pivotal.pal.tracker.JdbcTimeEntryRepositoryTest" time="0.03"/>
  <testcase name="deleteRemovesTheRecord" classname="test.pivotal.pal.tracker.JdbcTimeEntryRepositoryTest" time="0.032"/>
  <testcase name="updateUpdatesTheRecord" classname="test.pivotal.pal.tracker.JdbcTimeEntryRepositoryTest" time="0.047"/>
  <testcase name="findFindsATimeEntry" classname="test.pivotal.pal.tracker.JdbcTimeEntryRepositoryTest" time="0.015"/>
  <testcase name="listFindsAllTimeEntries" classname="test.pivotal.pal.tracker.JdbcTimeEntryRepositoryTest" time="0.031"/>
  <system-out><![CDATA[08:31:03.295 [Test worker] DEBUG org.springframework.jdbc.core.JdbcTemplate - Executing SQL statement [DELETE FROM time_entries]
08:31:03.310 [Test worker] DEBUG org.springframework.jdbc.datasource.DataSourceUtils - Fetching JDBC Connection from DataSource
08:31:03.471 [Test worker] DEBUG org.springframework.jdbc.datasource.DataSourceUtils - Returning JDBC Connection to DataSource
08:31:03.471 [Test worker] DEBUG org.springframework.jdbc.core.JdbcTemplate - Executing SQL statement [INSERT INTO time_entries (id, project_id, user_id, date, hours) VALUES (1000, 123, 321, 'today', 8)]
08:31:03.471 [Test worker] DEBUG org.springframework.jdbc.datasource.DataSourceUtils - Fetching JDBC Connection from DataSource
08:31:03.471 [Test worker] DEBUG org.springframework.jdbc.datasource.DataSourceUtils - Returning JDBC Connection to DataSource
08:31:03.471 [Test worker] DEBUG org.springframework.jdbc.core.JdbcTemplate - Executing prepared SQL update
08:31:03.487 [Test worker] DEBUG org.springframework.jdbc.core.JdbcTemplate - Executing prepared SQL statement [UPDATE time_entries SET project_id = ?, user_id = ?, date = ?,  hours = ? WHERE id = ?]
08:31:03.487 [Test worker] DEBUG org.springframework.jdbc.datasource.DataSourceUtils - Fetching JDBC Connection from DataSource
08:31:03.503 [Test worker] DEBUG org.springframework.jdbc.core.JdbcTemplate - SQL update affected 1 rows
08:31:03.503 [Test worker] DEBUG org.springframework.jdbc.datasource.DataSourceUtils - Returning JDBC Connection to DataSource
08:31:03.503 [Test worker] DEBUG org.springframework.jdbc.core.JdbcTemplate - Executing prepared SQL query
08:31:03.503 [Test worker] DEBUG org.springframework.jdbc.core.JdbcTemplate - Executing prepared SQL statement [SELECT id, project_id, user_id, date, hours FROM time_entries WHERE id = ?]
08:31:03.503 [Test worker] DEBUG org.springframework.jdbc.datasource.DataSourceUtils - Fetching JDBC Connection from DataSource
08:31:03.503 [Test worker] DEBUG org.springframework.jdbc.datasource.DataSourceUtils - Returning JDBC Connection to DataSource
08:31:03.503 [Test worker] DEBUG org.springframework.jdbc.core.JdbcTemplate - Executing SQL statement [DELETE FROM time_entries]
08:31:03.503 [Test worker] DEBUG org.springframework.jdbc.datasource.DataSourceUtils - Fetching JDBC Connection from DataSource
08:31:03.518 [Test worker] DEBUG org.springframework.jdbc.datasource.DataSourceUtils - Returning JDBC Connection to DataSource
08:31:03.518 [Test worker] DEBUG org.springframework.jdbc.core.JdbcTemplate - Executing SQL update and returning generated keys
08:31:03.518 [Test worker] DEBUG org.springframework.jdbc.core.JdbcTemplate - Executing prepared SQL statement
08:31:03.518 [Test worker] DEBUG org.springframework.jdbc.datasource.DataSourceUtils - Fetching JDBC Connection from DataSource
08:31:03.534 [Test worker] DEBUG org.springframework.jdbc.core.JdbcTemplate - SQL update affected 1 rows and returned 1 keys
08:31:03.534 [Test worker] DEBUG org.springframework.jdbc.datasource.DataSourceUtils - Returning JDBC Connection to DataSource
08:31:03.534 [Test worker] DEBUG org.springframework.jdbc.core.JdbcTemplate - Executing prepared SQL query
08:31:03.534 [Test worker] DEBUG org.springframework.jdbc.core.JdbcTemplate - Executing prepared SQL statement [SELECT id, project_id, user_id, date, hours FROM time_entries WHERE id = ?]
08:31:03.534 [Test worker] DEBUG org.springframework.jdbc.datasource.DataSourceUtils - Fetching JDBC Connection from DataSource
08:31:03.550 [Test worker] DEBUG org.springframework.jdbc.datasource.DataSourceUtils - Returning JDBC Connection to DataSource
08:31:03.550 [Test worker] DEBUG org.springframework.jdbc.core.JdbcTemplate - Executing SQL statement [DELETE FROM time_entries]
08:31:03.550 [Test worker] DEBUG org.springframework.jdbc.datasource.DataSourceUtils - Fetching JDBC Connection from DataSource
08:31:03.566 [Test worker] DEBUG org.springframework.jdbc.datasource.DataSourceUtils - Returning JDBC Connection to DataSource
08:31:03.566 [Test worker] DEBUG org.springframework.jdbc.core.JdbcTemplate - Executing prepared SQL query
08:31:03.566 [Test worker] DEBUG org.springframework.jdbc.core.JdbcTemplate - Executing prepared SQL statement [SELECT id, project_id, user_id, date, hours FROM time_entries WHERE id = ?]
08:31:03.566 [Test worker] DEBUG org.springframework.jdbc.datasource.DataSourceUtils - Fetching JDBC Connection from DataSource
08:31:03.566 [Test worker] DEBUG org.springframework.jdbc.datasource.DataSourceUtils - Returning JDBC Connection to DataSource
08:31:03.566 [Test worker] DEBUG org.springframework.jdbc.core.JdbcTemplate - Executing SQL statement [DELETE FROM time_entries]
08:31:03.566 [Test worker] DEBUG org.springframework.jdbc.datasource.DataSourceUtils - Fetching JDBC Connection from DataSource
08:31:03.581 [Test worker] DEBUG org.springframework.jdbc.datasource.DataSourceUtils - Returning JDBC Connection to DataSource
08:31:03.581 [Test worker] DEBUG org.springframework.jdbc.core.JdbcTemplate - Executing SQL update and returning generated keys
08:31:03.581 [Test worker] DEBUG org.springframework.jdbc.core.JdbcTemplate - Executing prepared SQL statement
08:31:03.581 [Test worker] DEBUG org.springframework.jdbc.datasource.DataSourceUtils - Fetching JDBC Connection from DataSource
08:31:03.581 [Test worker] DEBUG org.springframework.jdbc.core.JdbcTemplate - SQL update affected 1 rows and returned 1 keys
08:31:03.581 [Test worker] DEBUG org.springframework.jdbc.datasource.DataSourceUtils - Returning JDBC Connection to DataSource
08:31:03.581 [Test worker] DEBUG org.springframework.jdbc.core.JdbcTemplate - Executing prepared SQL query
08:31:03.581 [Test worker] DEBUG org.springframework.jdbc.core.JdbcTemplate - Executing prepared SQL statement [SELECT id, project_id, user_id, date, hours FROM time_entries WHERE id = ?]
08:31:03.581 [Test worker] DEBUG org.springframework.jdbc.datasource.DataSourceUtils - Fetching JDBC Connection from DataSource
08:31:03.596 [Test worker] DEBUG org.springframework.jdbc.datasource.DataSourceUtils - Returning JDBC Connection to DataSource
08:31:03.596 [Test worker] DEBUG org.springframework.jdbc.core.JdbcTemplate - Executing prepared SQL query
08:31:03.596 [Test worker] DEBUG org.springframework.jdbc.core.JdbcTemplate - Executing prepared SQL statement [Select * from time_entries where id = ?]
08:31:03.596 [Test worker] DEBUG org.springframework.jdbc.datasource.DataSourceUtils - Fetching JDBC Connection from DataSource
08:31:03.596 [Test worker] DEBUG org.springframework.jdbc.datasource.DataSourceUtils - Returning JDBC Connection to DataSource
08:31:03.596 [Test worker] DEBUG org.springframework.jdbc.core.JdbcTemplate - Executing SQL statement [DELETE FROM time_entries]
08:31:03.596 [Test worker] DEBUG org.springframework.jdbc.datasource.DataSourceUtils - Fetching JDBC Connection from DataSource
08:31:03.612 [Test worker] DEBUG org.springframework.jdbc.datasource.DataSourceUtils - Returning JDBC Connection to DataSource
08:31:03.612 [Test worker] DEBUG org.springframework.jdbc.core.JdbcTemplate - Executing SQL statement [INSERT INTO time_entries (id, project_id, user_id, date, hours) VALUES (999, 123, 321, 'today', 8)]
08:31:03.612 [Test worker] DEBUG org.springframework.jdbc.datasource.DataSourceUtils - Fetching JDBC Connection from DataSource
08:31:03.612 [Test worker] DEBUG org.springframework.jdbc.datasource.DataSourceUtils - Returning JDBC Connection to DataSource
08:31:03.612 [Test worker] DEBUG org.springframework.jdbc.core.JdbcTemplate - Executing prepared SQL update
08:31:03.612 [Test worker] DEBUG org.springframework.jdbc.core.JdbcTemplate - Executing prepared SQL statement [DELETE FROM time_entries WHERE id = ?]
08:31:03.612 [Test worker] DEBUG org.springframework.jdbc.datasource.DataSourceUtils - Fetching JDBC Connection from DataSource
08:31:03.628 [Test worker] DEBUG org.springframework.jdbc.core.JdbcTemplate - SQL update affected 1 rows
08:31:03.628 [Test worker] DEBUG org.springframework.jdbc.datasource.DataSourceUtils - Returning JDBC Connection to DataSource
08:31:03.628 [Test worker] DEBUG org.springframework.jdbc.core.JdbcTemplate - Executing prepared SQL query
08:31:03.628 [Test worker] DEBUG org.springframework.jdbc.core.JdbcTemplate - Executing prepared SQL statement [Select count(*) count from time_entries where id = ?]
08:31:03.628 [Test worker] DEBUG org.springframework.jdbc.datasource.DataSourceUtils - Fetching JDBC Connection from DataSource
08:31:03.628 [Test worker] DEBUG org.springframework.jdbc.datasource.DataSourceUtils - Returning JDBC Connection to DataSource
08:31:03.628 [Test worker] DEBUG org.springframework.jdbc.core.JdbcTemplate - Executing SQL statement [DELETE FROM time_entries]
08:31:03.628 [Test worker] DEBUG org.springframework.jdbc.datasource.DataSourceUtils - Fetching JDBC Connection from DataSource
08:31:03.643 [Test worker] DEBUG org.springframework.jdbc.datasource.DataSourceUtils - Returning JDBC Connection to DataSource
08:31:03.643 [Test worker] DEBUG org.springframework.jdbc.core.JdbcTemplate - Executing SQL statement [INSERT INTO time_entries (id, project_id, user_id, date, hours) VALUES (1000, 123, 321, 'today', 8)]
08:31:03.643 [Test worker] DEBUG org.springframework.jdbc.datasource.DataSourceUtils - Fetching JDBC Connection from DataSource
08:31:03.643 [Test worker] DEBUG org.springframework.jdbc.datasource.DataSourceUtils - Returning JDBC Connection to DataSource
08:31:03.643 [Test worker] DEBUG org.springframework.jdbc.core.JdbcTemplate - Executing prepared SQL update
08:31:03.643 [Test worker] DEBUG org.springframework.jdbc.core.JdbcTemplate - Executing prepared SQL statement [UPDATE time_entries SET project_id = ?, user_id = ?, date = ?,  hours = ? WHERE id = ?]
08:31:03.643 [Test worker] DEBUG org.springframework.jdbc.datasource.DataSourceUtils - Fetching JDBC Connection from DataSource
08:31:03.659 [Test worker] DEBUG org.springframework.jdbc.core.JdbcTemplate - SQL update affected 1 rows
08:31:03.659 [Test worker] DEBUG org.springframework.jdbc.datasource.DataSourceUtils - Returning JDBC Connection to DataSource
08:31:03.659 [Test worker] DEBUG org.springframework.jdbc.core.JdbcTemplate - Executing prepared SQL query
08:31:03.659 [Test worker] DEBUG org.springframework.jdbc.core.JdbcTemplate - Executing prepared SQL statement [SELECT id, project_id, user_id, date, hours FROM time_entries WHERE id = ?]
08:31:03.659 [Test worker] DEBUG org.springframework.jdbc.datasource.DataSourceUtils - Fetching JDBC Connection from DataSource
08:31:03.659 [Test worker] DEBUG org.springframework.jdbc.datasource.DataSourceUtils - Returning JDBC Connection to DataSource
08:31:03.659 [Test worker] DEBUG org.springframework.jdbc.core.JdbcTemplate - Executing prepared SQL query
08:31:03.659 [Test worker] DEBUG org.springframework.jdbc.core.JdbcTemplate - Executing prepared SQL statement [Select * from time_entries where id = ?]
08:31:03.659 [Test worker] DEBUG org.springframework.jdbc.datasource.DataSourceUtils - Fetching JDBC Connection from DataSource
08:31:03.675 [Test worker] DEBUG org.springframework.jdbc.datasource.DataSourceUtils - Returning JDBC Connection to DataSource
08:31:03.675 [Test worker] DEBUG org.springframework.jdbc.core.JdbcTemplate - Executing SQL statement [DELETE FROM time_entries]
08:31:03.675 [Test worker] DEBUG org.springframework.jdbc.datasource.DataSourceUtils - Fetching JDBC Connection from DataSource
08:31:03.675 [Test worker] DEBUG org.springframework.jdbc.datasource.DataSourceUtils - Returning JDBC Connection to DataSource
08:31:03.675 [Test worker] DEBUG org.springframework.jdbc.core.JdbcTemplate - Executing SQL statement [INSERT INTO time_entries (id, project_id, user_id, date, hours) VALUES (999, 123, 321, 'today', 8)]
08:31:03.675 [Test worker] DEBUG org.springframework.jdbc.datasource.DataSourceUtils - Fetching JDBC Connection from DataSource
08:31:03.690 [Test worker] DEBUG org.springframework.jdbc.datasource.DataSourceUtils - Returning JDBC Connection to DataSource
08:31:03.690 [Test worker] DEBUG org.springframework.jdbc.core.JdbcTemplate - Executing prepared SQL query
08:31:03.690 [Test worker] DEBUG org.springframework.jdbc.core.JdbcTemplate - Executing prepared SQL statement [SELECT id, project_id, user_id, date, hours FROM time_entries WHERE id = ?]
08:31:03.690 [Test worker] DEBUG org.springframework.jdbc.datasource.DataSourceUtils - Fetching JDBC Connection from DataSource
08:31:03.690 [Test worker] DEBUG org.springframework.jdbc.datasource.DataSourceUtils - Returning JDBC Connection to DataSource
08:31:03.690 [Test worker] DEBUG org.springframework.jdbc.core.JdbcTemplate - Executing SQL statement [DELETE FROM time_entries]
08:31:03.690 [Test worker] DEBUG org.springframework.jdbc.datasource.DataSourceUtils - Fetching JDBC Connection from DataSource
08:31:03.706 [Test worker] DEBUG org.springframework.jdbc.datasource.DataSourceUtils - Returning JDBC Connection to DataSource
08:31:03.706 [Test worker] DEBUG org.springframework.jdbc.core.JdbcTemplate - Executing SQL statement [INSERT INTO time_entries (id, project_id, user_id, date, hours) VALUES (999, 123, 321, 'today', 8), (888, 456, 678, 'yesterday', 9)]
08:31:03.706 [Test worker] DEBUG org.springframework.jdbc.datasource.DataSourceUtils - Fetching JDBC Connection from DataSource
08:31:03.706 [Test worker] DEBUG org.springframework.jdbc.datasource.DataSourceUtils - Returning JDBC Connection to DataSource
08:31:03.706 [Test worker] DEBUG org.springframework.jdbc.core.JdbcTemplate - Executing SQL query [SELECT id, project_id, user_id, date, hours FROM time_entries]
08:31:03.706 [Test worker] DEBUG org.springframework.jdbc.datasource.DataSourceUtils - Fetching JDBC Connection from DataSource
08:31:03.721 [Test worker] DEBUG org.springframework.jdbc.datasource.DataSourceUtils - Returning JDBC Connection to DataSource
]]></system-out>
  <system-err><![CDATA[]]></system-err>
</testsuite>
