<?xml version="1.0" encoding="UTF-8"?>
<testsuite name="test.pivotal.pal.trackerapi.WelcomeApiTest" tests="1" skipped="0" failures="0" errors="0" timestamp="2017-09-11T04:07:22" hostname="LIN37000770" time="0.02">
  <properties/>
  <testcase name="exampleTest" classname="test.pivotal.pal.trackerapi.WelcomeApiTest" time="0.02"/>
  <system-out><![CDATA[2017-09-11 09:37:22.256  INFO 12076 --- [    Test worker] .b.t.c.SpringBootTestContextBootstrapper : Neither @ContextConfiguration nor @ContextHierarchy found for test class [test.pivotal.pal.trackerapi.WelcomeApiTest], using SpringBootContextLoader
2017-09-11 09:37:22.256  INFO 12076 --- [    Test worker] o.s.t.c.support.AbstractContextLoader    : Could not detect default resource locations for test class [test.pivotal.pal.trackerapi.WelcomeApiTest]: no resource found for suffixes {-context.xml, Context.groovy}.
2017-09-11 09:37:22.264  INFO 12076 --- [    Test worker] .b.t.c.SpringBootTestContextBootstrapper : Loaded default TestExecutionListener class names from location [META-INF/spring.factories]: [org.springframework.boot.test.mock.mockito.MockitoTestExecutionListener, org.springframework.boot.test.mock.mockito.ResetMocksTestExecutionListener, org.springframework.boot.test.autoconfigure.restdocs.RestDocsTestExecutionListener, org.springframework.boot.test.autoconfigure.web.client.MockRestServiceServerResetTestExecutionListener, org.springframework.boot.test.autoconfigure.web.servlet.MockMvcPrintOnlyOnFailureTestExecutionListener, org.springframework.boot.test.autoconfigure.web.servlet.WebDriverTestExecutionListener, org.springframework.test.context.web.ServletTestExecutionListener, org.springframework.test.context.support.DirtiesContextBeforeModesTestExecutionListener, org.springframework.test.context.support.DependencyInjectionTestExecutionListener, org.springframework.test.context.support.DirtiesContextTestExecutionListener, org.springframework.test.context.transaction.TransactionalTestExecutionListener, org.springframework.test.context.jdbc.SqlScriptsTestExecutionListener]
2017-09-11 09:37:22.268  INFO 12076 --- [    Test worker] .b.t.c.SpringBootTestContextBootstrapper : Using TestExecutionListeners: [org.springframework.test.context.web.ServletTestExecutionListener@4abae7ed, org.springframework.test.context.support.DirtiesContextBeforeModesTestExecutionListener@7da8a900, org.springframework.boot.test.autoconfigure.SpringBootDependencyInjectionTestExecutionListener@2bcd15f1, org.springframework.test.context.support.DirtiesContextTestExecutionListener@31c572bc, org.springframework.test.context.transaction.TransactionalTestExecutionListener@2cdd7ee6, org.springframework.test.context.jdbc.SqlScriptsTestExecutionListener@140522d4, org.springframework.boot.test.autoconfigure.web.servlet.WebDriverTestExecutionListener@57a4cf38, org.springframework.boot.test.mock.mockito.MockitoTestExecutionListener@4dee07e2, org.springframework.boot.test.autoconfigure.restdocs.RestDocsTestExecutionListener@a836af7, org.springframework.boot.test.autoconfigure.web.client.MockRestServiceServerResetTestExecutionListener@372dfaf1, org.springframework.boot.test.autoconfigure.web.servlet.MockMvcPrintOnlyOnFailureTestExecutionListener@46813e23, org.springframework.boot.test.mock.mockito.ResetMocksTestExecutionListener@7b6de006]
]]></system-out>
  <system-err><![CDATA[]]></system-err>
</testsuite>
