<?xml version="1.0" encoding="UTF-8"?>
<testsuite name="test.pivotal.pal.tracker.JdbcTimeEntryRepositoryTest" tests="8" skipped="0" failures="0" errors="0" timestamp="2017-09-11T03:28:36" hostname="LIN37000770" time="0.798">
  <properties/>
  <testcase name="updateReturnsTheUpdatedRecord" classname="test.pivotal.pal.tracker.JdbcTimeEntryRepositoryTest" time="0.376"/>
  <testcase name="createReturnsTheCreatedTimeEntry" classname="test.pivotal.pal.tracker.JdbcTimeEntryRepositoryTest" time="0.047"/>
  <testcase name="findReturnsNullWhenNotFound" classname="test.pivotal.pal.tracker.JdbcTimeEntryRepositoryTest" time="0.016"/>
  <testcase name="createInsertsATimeEntryRecord" classname="test.pivotal.pal.tracker.JdbcTimeEntryRepositoryTest" time="0.218"/>
  <testcase name="deleteRemovesTheRecord" classname="test.pivotal.pal.tracker.JdbcTimeEntryRepositoryTest" time="0.047"/>
  <testcase name="updateUpdatesTheRecord" classname="test.pivotal.pal.tracker.JdbcTimeEntryRepositoryTest" time="0.031"/>
  <testcase name="findFindsATimeEntry" classname="test.pivotal.pal.tracker.JdbcTimeEntryRepositoryTest" time="0.032"/>
  <testcase name="listFindsAllTimeEntries" classname="test.pivotal.pal.tracker.JdbcTimeEntryRepositoryTest" time="0.031"/>
  <system-out><![CDATA[08:58:36.254 [Test worker] DEBUG org.springframework.jdbc.core.JdbcTemplate - Executing SQL statement [DELETE FROM time_entries]
08:58:36.270 [Test worker] DEBUG org.springframework.jdbc.datasource.DataSourceUtils - Fetching JDBC Connection from DataSource
08:58:36.442 [Test worker] DEBUG org.springframework.jdbc.datasource.DataSourceUtils - Returning JDBC Connection to DataSource
08:58:36.442 [Test worker] DEBUG org.springframework.jdbc.core.JdbcTemplate - Executing SQL statement [INSERT INTO time_entries (id, project_id, user_id, date, hours) VALUES (1000, 123, 321, 'today', 8)]
08:58:36.442 [Test worker] DEBUG org.springframework.jdbc.datasource.DataSourceUtils - Fetching JDBC Connection from DataSource
08:58:36.457 [Test worker] DEBUG org.springframework.jdbc.datasource.DataSourceUtils - Returning JDBC Connection to DataSource
08:58:36.457 [Test worker] DEBUG org.springframework.jdbc.core.JdbcTemplate - Executing prepared SQL update
08:58:36.457 [Test worker] DEBUG org.springframework.jdbc.core.JdbcTemplate - Executing prepared SQL statement [UPDATE time_entries SET project_id = ?, user_id = ?, date = ?,  hours = ? WHERE id = ?]
08:58:36.457 [Test worker] DEBUG org.springframework.jdbc.datasource.DataSourceUtils - Fetching JDBC Connection from DataSource
08:58:36.488 [Test worker] DEBUG org.springframework.jdbc.core.JdbcTemplate - SQL update affected 1 rows
08:58:36.488 [Test worker] DEBUG org.springframework.jdbc.datasource.DataSourceUtils - Returning JDBC Connection to DataSource
08:58:36.488 [Test worker] DEBUG org.springframework.jdbc.core.JdbcTemplate - Executing prepared SQL query
08:58:36.488 [Test worker] DEBUG org.springframework.jdbc.core.JdbcTemplate - Executing prepared SQL statement [SELECT id, project_id, user_id, date, hours FROM time_entries WHERE id = ?]
08:58:36.488 [Test worker] DEBUG org.springframework.jdbc.datasource.DataSourceUtils - Fetching JDBC Connection from DataSource
08:58:36.488 [Test worker] DEBUG org.springframework.jdbc.datasource.DataSourceUtils - Returning JDBC Connection to DataSource
08:58:36.504 [Test worker] DEBUG org.springframework.jdbc.core.JdbcTemplate - Executing SQL statement [DELETE FROM time_entries]
08:58:36.504 [Test worker] DEBUG org.springframework.jdbc.datasource.DataSourceUtils - Fetching JDBC Connection from DataSource
08:58:36.520 [Test worker] DEBUG org.springframework.jdbc.datasource.DataSourceUtils - Returning JDBC Connection to DataSource
08:58:36.520 [Test worker] DEBUG org.springframework.jdbc.core.JdbcTemplate - Executing SQL update and returning generated keys
08:58:36.520 [Test worker] DEBUG org.springframework.jdbc.core.JdbcTemplate - Executing prepared SQL statement
08:58:36.520 [Test worker] DEBUG org.springframework.jdbc.datasource.DataSourceUtils - Fetching JDBC Connection from DataSource
08:58:36.535 [Test worker] DEBUG org.springframework.jdbc.core.JdbcTemplate - SQL update affected 1 rows and returned 1 keys
08:58:36.535 [Test worker] DEBUG org.springframework.jdbc.datasource.DataSourceUtils - Returning JDBC Connection to DataSource
08:58:36.535 [Test worker] DEBUG org.springframework.jdbc.core.JdbcTemplate - Executing prepared SQL query
08:58:36.535 [Test worker] DEBUG org.springframework.jdbc.core.JdbcTemplate - Executing prepared SQL statement [SELECT id, project_id, user_id, date, hours FROM time_entries WHERE id = ?]
08:58:36.535 [Test worker] DEBUG org.springframework.jdbc.datasource.DataSourceUtils - Fetching JDBC Connection from DataSource
08:58:36.551 [Test worker] DEBUG org.springframework.jdbc.datasource.DataSourceUtils - Returning JDBC Connection to DataSource
08:58:36.551 [Test worker] DEBUG org.springframework.jdbc.core.JdbcTemplate - Executing SQL statement [DELETE FROM time_entries]
08:58:36.551 [Test worker] DEBUG org.springframework.jdbc.datasource.DataSourceUtils - Fetching JDBC Connection from DataSource
08:58:36.567 [Test worker] DEBUG org.springframework.jdbc.datasource.DataSourceUtils - Returning JDBC Connection to DataSource
08:58:36.567 [Test worker] DEBUG org.springframework.jdbc.core.JdbcTemplate - Executing prepared SQL query
08:58:36.567 [Test worker] DEBUG org.springframework.jdbc.core.JdbcTemplate - Executing prepared SQL statement [SELECT id, project_id, user_id, date, hours FROM time_entries WHERE id = ?]
08:58:36.567 [Test worker] DEBUG org.springframework.jdbc.datasource.DataSourceUtils - Fetching JDBC Connection from DataSource
08:58:36.567 [Test worker] DEBUG org.springframework.jdbc.datasource.DataSourceUtils - Returning JDBC Connection to DataSource
08:58:36.567 [Test worker] DEBUG org.springframework.jdbc.core.JdbcTemplate - Executing SQL statement [DELETE FROM time_entries]
08:58:36.567 [Test worker] DEBUG org.springframework.jdbc.datasource.DataSourceUtils - Fetching JDBC Connection from DataSource
08:58:36.582 [Test worker] DEBUG org.springframework.jdbc.datasource.DataSourceUtils - Returning JDBC Connection to DataSource
08:58:36.582 [Test worker] DEBUG org.springframework.jdbc.core.JdbcTemplate - Executing SQL update and returning generated keys
08:58:36.582 [Test worker] DEBUG org.springframework.jdbc.core.JdbcTemplate - Executing prepared SQL statement
08:58:36.582 [Test worker] DEBUG org.springframework.jdbc.datasource.DataSourceUtils - Fetching JDBC Connection from DataSource
08:58:36.770 [Test worker] DEBUG org.springframework.jdbc.core.JdbcTemplate - SQL update affected 1 rows and returned 1 keys
08:58:36.770 [Test worker] DEBUG org.springframework.jdbc.datasource.DataSourceUtils - Returning JDBC Connection to DataSource
08:58:36.770 [Test worker] DEBUG org.springframework.jdbc.core.JdbcTemplate - Executing prepared SQL query
08:58:36.770 [Test worker] DEBUG org.springframework.jdbc.core.JdbcTemplate - Executing prepared SQL statement [SELECT id, project_id, user_id, date, hours FROM time_entries WHERE id = ?]
08:58:36.770 [Test worker] DEBUG org.springframework.jdbc.datasource.DataSourceUtils - Fetching JDBC Connection from DataSource
08:58:36.770 [Test worker] DEBUG org.springframework.jdbc.datasource.DataSourceUtils - Returning JDBC Connection to DataSource
08:58:36.770 [Test worker] DEBUG org.springframework.jdbc.core.JdbcTemplate - Executing prepared SQL query
08:58:36.770 [Test worker] DEBUG org.springframework.jdbc.core.JdbcTemplate - Executing prepared SQL statement [Select * from time_entries where id = ?]
08:58:36.770 [Test worker] DEBUG org.springframework.jdbc.datasource.DataSourceUtils - Fetching JDBC Connection from DataSource
08:58:36.785 [Test worker] DEBUG org.springframework.jdbc.datasource.DataSourceUtils - Returning JDBC Connection to DataSource
08:58:36.785 [Test worker] DEBUG org.springframework.jdbc.core.JdbcTemplate - Executing SQL statement [DELETE FROM time_entries]
08:58:36.785 [Test worker] DEBUG org.springframework.jdbc.datasource.DataSourceUtils - Fetching JDBC Connection from DataSource
08:58:36.801 [Test worker] DEBUG org.springframework.jdbc.datasource.DataSourceUtils - Returning JDBC Connection to DataSource
08:58:36.801 [Test worker] DEBUG org.springframework.jdbc.core.JdbcTemplate - Executing SQL statement [INSERT INTO time_entries (id, project_id, user_id, date, hours) VALUES (999, 123, 321, 'today', 8)]
08:58:36.801 [Test worker] DEBUG org.springframework.jdbc.datasource.DataSourceUtils - Fetching JDBC Connection from DataSource
08:58:36.817 [Test worker] DEBUG org.springframework.jdbc.datasource.DataSourceUtils - Returning JDBC Connection to DataSource
08:58:36.817 [Test worker] DEBUG org.springframework.jdbc.core.JdbcTemplate - Executing prepared SQL update
08:58:36.817 [Test worker] DEBUG org.springframework.jdbc.core.JdbcTemplate - Executing prepared SQL statement [DELETE FROM time_entries WHERE id = ?]
08:58:36.817 [Test worker] DEBUG org.springframework.jdbc.datasource.DataSourceUtils - Fetching JDBC Connection from DataSource
08:58:36.817 [Test worker] DEBUG org.springframework.jdbc.core.JdbcTemplate - SQL update affected 1 rows
08:58:36.817 [Test worker] DEBUG org.springframework.jdbc.datasource.DataSourceUtils - Returning JDBC Connection to DataSource
08:58:36.817 [Test worker] DEBUG org.springframework.jdbc.core.JdbcTemplate - Executing prepared SQL query
08:58:36.817 [Test worker] DEBUG org.springframework.jdbc.core.JdbcTemplate - Executing prepared SQL statement [Select count(*) count from time_entries where id = ?]
08:58:36.817 [Test worker] DEBUG org.springframework.jdbc.datasource.DataSourceUtils - Fetching JDBC Connection from DataSource
08:58:36.832 [Test worker] DEBUG org.springframework.jdbc.datasource.DataSourceUtils - Returning JDBC Connection to DataSource
08:58:36.832 [Test worker] DEBUG org.springframework.jdbc.core.JdbcTemplate - Executing SQL statement [DELETE FROM time_entries]
08:58:36.832 [Test worker] DEBUG org.springframework.jdbc.datasource.DataSourceUtils - Fetching JDBC Connection from DataSource
08:58:36.832 [Test worker] DEBUG org.springframework.jdbc.datasource.DataSourceUtils - Returning JDBC Connection to DataSource
08:58:36.832 [Test worker] DEBUG org.springframework.jdbc.core.JdbcTemplate - Executing SQL statement [INSERT INTO time_entries (id, project_id, user_id, date, hours) VALUES (1000, 123, 321, 'today', 8)]
08:58:36.832 [Test worker] DEBUG org.springframework.jdbc.datasource.DataSourceUtils - Fetching JDBC Connection from DataSource
08:58:36.848 [Test worker] DEBUG org.springframework.jdbc.datasource.DataSourceUtils - Returning JDBC Connection to DataSource
08:58:36.848 [Test worker] DEBUG org.springframework.jdbc.core.JdbcTemplate - Executing prepared SQL update
08:58:36.848 [Test worker] DEBUG org.springframework.jdbc.core.JdbcTemplate - Executing prepared SQL statement [UPDATE time_entries SET project_id = ?, user_id = ?, date = ?,  hours = ? WHERE id = ?]
08:58:36.848 [Test worker] DEBUG org.springframework.jdbc.datasource.DataSourceUtils - Fetching JDBC Connection from DataSource
08:58:36.848 [Test worker] DEBUG org.springframework.jdbc.core.JdbcTemplate - SQL update affected 1 rows
08:58:36.848 [Test worker] DEBUG org.springframework.jdbc.datasource.DataSourceUtils - Returning JDBC Connection to DataSource
08:58:36.848 [Test worker] DEBUG org.springframework.jdbc.core.JdbcTemplate - Executing prepared SQL query
08:58:36.848 [Test worker] DEBUG org.springframework.jdbc.core.JdbcTemplate - Executing prepared SQL statement [SELECT id, project_id, user_id, date, hours FROM time_entries WHERE id = ?]
08:58:36.848 [Test worker] DEBUG org.springframework.jdbc.datasource.DataSourceUtils - Fetching JDBC Connection from DataSource
08:58:36.863 [Test worker] DEBUG org.springframework.jdbc.datasource.DataSourceUtils - Returning JDBC Connection to DataSource
08:58:36.863 [Test worker] DEBUG org.springframework.jdbc.core.JdbcTemplate - Executing prepared SQL query
08:58:36.863 [Test worker] DEBUG org.springframework.jdbc.core.JdbcTemplate - Executing prepared SQL statement [Select * from time_entries where id = ?]
08:58:36.863 [Test worker] DEBUG org.springframework.jdbc.datasource.DataSourceUtils - Fetching JDBC Connection from DataSource
08:58:36.863 [Test worker] DEBUG org.springframework.jdbc.datasource.DataSourceUtils - Returning JDBC Connection to DataSource
08:58:36.863 [Test worker] DEBUG org.springframework.jdbc.core.JdbcTemplate - Executing SQL statement [DELETE FROM time_entries]
08:58:36.863 [Test worker] DEBUG org.springframework.jdbc.datasource.DataSourceUtils - Fetching JDBC Connection from DataSource
08:58:36.879 [Test worker] DEBUG org.springframework.jdbc.datasource.DataSourceUtils - Returning JDBC Connection to DataSource
08:58:36.879 [Test worker] DEBUG org.springframework.jdbc.core.JdbcTemplate - Executing SQL statement [INSERT INTO time_entries (id, project_id, user_id, date, hours) VALUES (999, 123, 321, 'today', 8)]
08:58:36.879 [Test worker] DEBUG org.springframework.jdbc.datasource.DataSourceUtils - Fetching JDBC Connection from DataSource
08:58:36.879 [Test worker] DEBUG org.springframework.jdbc.datasource.DataSourceUtils - Returning JDBC Connection to DataSource
08:58:36.879 [Test worker] DEBUG org.springframework.jdbc.core.JdbcTemplate - Executing prepared SQL query
08:58:36.879 [Test worker] DEBUG org.springframework.jdbc.core.JdbcTemplate - Executing prepared SQL statement [SELECT id, project_id, user_id, date, hours FROM time_entries WHERE id = ?]
08:58:36.879 [Test worker] DEBUG org.springframework.jdbc.datasource.DataSourceUtils - Fetching JDBC Connection from DataSource
08:58:36.895 [Test worker] DEBUG org.springframework.jdbc.datasource.DataSourceUtils - Returning JDBC Connection to DataSource
08:58:36.895 [Test worker] DEBUG org.springframework.jdbc.core.JdbcTemplate - Executing SQL statement [DELETE FROM time_entries]
08:58:36.895 [Test worker] DEBUG org.springframework.jdbc.datasource.DataSourceUtils - Fetching JDBC Connection from DataSource
08:58:36.910 [Test worker] DEBUG org.springframework.jdbc.datasource.DataSourceUtils - Returning JDBC Connection to DataSource
08:58:36.910 [Test worker] DEBUG org.springframework.jdbc.core.JdbcTemplate - Executing SQL statement [INSERT INTO time_entries (id, project_id, user_id, date, hours) VALUES (999, 123, 321, 'today', 8), (888, 456, 678, 'yesterday', 9)]
08:58:36.910 [Test worker] DEBUG org.springframework.jdbc.datasource.DataSourceUtils - Fetching JDBC Connection from DataSource
08:58:36.910 [Test worker] DEBUG org.springframework.jdbc.datasource.DataSourceUtils - Returning JDBC Connection to DataSource
08:58:36.910 [Test worker] DEBUG org.springframework.jdbc.core.JdbcTemplate - Executing SQL query [SELECT id, project_id, user_id, date, hours FROM time_entries]
08:58:36.910 [Test worker] DEBUG org.springframework.jdbc.datasource.DataSourceUtils - Fetching JDBC Connection from DataSource
08:58:36.926 [Test worker] DEBUG org.springframework.jdbc.datasource.DataSourceUtils - Returning JDBC Connection to DataSource
]]></system-out>
  <system-err><![CDATA[]]></system-err>
</testsuite>
