<?xml version="1.0" encoding="UTF-8"?>
<testsuite name="test.pivotal.pal.trackerapi.TimeEntryApiTest" tests="5" skipped="0" failures="0" errors="0" timestamp="2017-09-11T02:02:03" hostname="LIN37000770" time="0.39">
  <properties/>
  <testcase name="testList" classname="test.pivotal.pal.trackerapi.TimeEntryApiTest" time="0.125"/>
  <testcase name="testRead" classname="test.pivotal.pal.trackerapi.TimeEntryApiTest" time="0.078"/>
  <testcase name="testCreate" classname="test.pivotal.pal.trackerapi.TimeEntryApiTest" time="0.062"/>
  <testcase name="testDelete" classname="test.pivotal.pal.trackerapi.TimeEntryApiTest" time="0.063"/>
  <testcase name="testUpdate" classname="test.pivotal.pal.trackerapi.TimeEntryApiTest" time="0.062"/>
  <system-out><![CDATA[2017-09-11 07:32:03.719  INFO 5256 --- [    Test worker] .b.t.c.SpringBootTestContextBootstrapper : Neither @ContextConfiguration nor @ContextHierarchy found for test class [test.pivotal.pal.trackerapi.TimeEntryApiTest], using SpringBootContextLoader
2017-09-11 07:32:03.734  INFO 5256 --- [    Test worker] o.s.t.c.support.AbstractContextLoader    : Could not detect default resource locations for test class [test.pivotal.pal.trackerapi.TimeEntryApiTest]: no resource found for suffixes {-context.xml, Context.groovy}.
2017-09-11 07:32:03.750  INFO 5256 --- [    Test worker] .b.t.c.SpringBootTestContextBootstrapper : Loaded default TestExecutionListener class names from location [META-INF/spring.factories]: [org.springframework.boot.test.mock.mockito.MockitoTestExecutionListener, org.springframework.boot.test.mock.mockito.ResetMocksTestExecutionListener, org.springframework.boot.test.autoconfigure.restdocs.RestDocsTestExecutionListener, org.springframework.boot.test.autoconfigure.web.client.MockRestServiceServerResetTestExecutionListener, org.springframework.boot.test.autoconfigure.web.servlet.MockMvcPrintOnlyOnFailureTestExecutionListener, org.springframework.boot.test.autoconfigure.web.servlet.WebDriverTestExecutionListener, org.springframework.test.context.web.ServletTestExecutionListener, org.springframework.test.context.support.DirtiesContextBeforeModesTestExecutionListener, org.springframework.test.context.support.DependencyInjectionTestExecutionListener, org.springframework.test.context.support.DirtiesContextTestExecutionListener, org.springframework.test.context.transaction.TransactionalTestExecutionListener, org.springframework.test.context.jdbc.SqlScriptsTestExecutionListener]
2017-09-11 07:32:03.750  INFO 5256 --- [    Test worker] .b.t.c.SpringBootTestContextBootstrapper : Using TestExecutionListeners: [org.springframework.test.context.web.ServletTestExecutionListener@1bdd4a08, org.springframework.test.context.support.DirtiesContextBeforeModesTestExecutionListener@755f5906, org.springframework.boot.test.autoconfigure.SpringBootDependencyInjectionTestExecutionListener@7c5ea704, org.springframework.test.context.support.DirtiesContextTestExecutionListener@415faa97, org.springframework.test.context.transaction.TransactionalTestExecutionListener@30a325be, org.springframework.test.context.jdbc.SqlScriptsTestExecutionListener@3f3bddc5, org.springframework.boot.test.autoconfigure.web.servlet.WebDriverTestExecutionListener@36d43ba1, org.springframework.boot.test.mock.mockito.ResetMocksTestExecutionListener@a6334fe, org.springframework.boot.test.autoconfigure.restdocs.RestDocsTestExecutionListener@23c46ed9, org.springframework.boot.test.autoconfigure.web.client.MockRestServiceServerResetTestExecutionListener@42f04a91, org.springframework.boot.test.autoconfigure.web.servlet.MockMvcPrintOnlyOnFailureTestExecutionListener@55ee685d, org.springframework.boot.test.mock.mockito.MockitoTestExecutionListener@463972da]
]]></system-out>
  <system-err><![CDATA[]]></system-err>
</testsuite>
