<?xml version="1.0" encoding="UTF-8"?>
<testsuite name="test.pivotal.pal.trackerapi.TimeEntryApiTest" tests="5" skipped="0" failures="0" errors="0" timestamp="2017-09-06T06:46:43" hostname="LIN37000770" time="0.484">
  <properties/>
  <testcase name="testList" classname="test.pivotal.pal.trackerapi.TimeEntryApiTest" time="0.39"/>
  <testcase name="testRead" classname="test.pivotal.pal.trackerapi.TimeEntryApiTest" time="0.032"/>
  <testcase name="testCreate" classname="test.pivotal.pal.trackerapi.TimeEntryApiTest" time="0.015"/>
  <testcase name="testDelete" classname="test.pivotal.pal.trackerapi.TimeEntryApiTest" time="0.032"/>
  <testcase name="testUpdate" classname="test.pivotal.pal.trackerapi.TimeEntryApiTest" time="0.015"/>
  <system-out><![CDATA[12:16:40.634 [Test worker] DEBUG org.springframework.test.context.junit4.SpringJUnit4ClassRunner - SpringJUnit4ClassRunner constructor called with [class test.pivotal.pal.trackerapi.TimeEntryApiTest]
12:16:40.634 [Test worker] DEBUG org.springframework.test.context.BootstrapUtils - Instantiating CacheAwareContextLoaderDelegate from class [org.springframework.test.context.cache.DefaultCacheAwareContextLoaderDelegate]
12:16:40.649 [Test worker] DEBUG org.springframework.test.context.BootstrapUtils - Instantiating BootstrapContext using constructor [public org.springframework.test.context.support.DefaultBootstrapContext(java.lang.Class,org.springframework.test.context.CacheAwareContextLoaderDelegate)]
12:16:40.665 [Test worker] DEBUG org.springframework.test.context.BootstrapUtils - Instantiating TestContextBootstrapper for test class [test.pivotal.pal.trackerapi.TimeEntryApiTest] from class [org.springframework.boot.test.context.SpringBootTestContextBootstrapper]
12:16:40.681 [Test worker] INFO org.springframework.boot.test.context.SpringBootTestContextBootstrapper - Neither @ContextConfiguration nor @ContextHierarchy found for test class [test.pivotal.pal.trackerapi.TimeEntryApiTest], using SpringBootContextLoader
12:16:40.681 [Test worker] DEBUG org.springframework.test.context.support.AbstractContextLoader - Did not detect default resource location for test class [test.pivotal.pal.trackerapi.TimeEntryApiTest]: class path resource [test/pivotal/pal/trackerapi/TimeEntryApiTest-context.xml] does not exist
12:16:40.681 [Test worker] DEBUG org.springframework.test.context.support.AbstractContextLoader - Did not detect default resource location for test class [test.pivotal.pal.trackerapi.TimeEntryApiTest]: class path resource [test/pivotal/pal/trackerapi/TimeEntryApiTestContext.groovy] does not exist
12:16:40.681 [Test worker] INFO org.springframework.test.context.support.AbstractContextLoader - Could not detect default resource locations for test class [test.pivotal.pal.trackerapi.TimeEntryApiTest]: no resource found for suffixes {-context.xml, Context.groovy}.
12:16:40.728 [Test worker] DEBUG org.springframework.test.context.support.ActiveProfilesUtils - Could not find an 'annotation declaring class' for annotation type [org.springframework.test.context.ActiveProfiles] and class [test.pivotal.pal.trackerapi.TimeEntryApiTest]
12:16:40.759 [Test worker] DEBUG org.springframework.boot.test.context.SpringBootTestContextBootstrapper - @TestExecutionListeners is not present for class [test.pivotal.pal.trackerapi.TimeEntryApiTest]: using defaults.
12:16:40.774 [Test worker] INFO org.springframework.boot.test.context.SpringBootTestContextBootstrapper - Loaded default TestExecutionListener class names from location [META-INF/spring.factories]: [org.springframework.boot.test.mock.mockito.MockitoTestExecutionListener, org.springframework.boot.test.mock.mockito.ResetMocksTestExecutionListener, org.springframework.boot.test.autoconfigure.restdocs.RestDocsTestExecutionListener, org.springframework.boot.test.autoconfigure.web.client.MockRestServiceServerResetTestExecutionListener, org.springframework.boot.test.autoconfigure.web.servlet.MockMvcPrintOnlyOnFailureTestExecutionListener, org.springframework.boot.test.autoconfigure.web.servlet.WebDriverTestExecutionListener, org.springframework.test.context.web.ServletTestExecutionListener, org.springframework.test.context.support.DirtiesContextBeforeModesTestExecutionListener, org.springframework.test.context.support.DependencyInjectionTestExecutionListener, org.springframework.test.context.support.DirtiesContextTestExecutionListener, org.springframework.test.context.transaction.TransactionalTestExecutionListener, org.springframework.test.context.jdbc.SqlScriptsTestExecutionListener]
12:16:40.790 [Test worker] INFO org.springframework.boot.test.context.SpringBootTestContextBootstrapper - Could not instantiate TestExecutionListener [org.springframework.test.context.jdbc.SqlScriptsTestExecutionListener]. Specify custom listener classes or make the default listener classes (and their required dependencies) available. Offending class: [org/springframework/transaction/interceptor/TransactionAttribute]
12:16:40.790 [Test worker] INFO org.springframework.boot.test.context.SpringBootTestContextBootstrapper - Could not instantiate TestExecutionListener [org.springframework.test.context.transaction.TransactionalTestExecutionListener]. Specify custom listener classes or make the default listener classes (and their required dependencies) available. Offending class: [org/springframework/transaction/interceptor/TransactionAttributeSource]
12:16:40.790 [Test worker] INFO org.springframework.boot.test.context.SpringBootTestContextBootstrapper - Using TestExecutionListeners: [org.springframework.test.context.web.ServletTestExecutionListener@227d8f58, org.springframework.test.context.support.DirtiesContextBeforeModesTestExecutionListener@49d60c00, org.springframework.boot.test.autoconfigure.SpringBootDependencyInjectionTestExecutionListener@5e36d5fc, org.springframework.test.context.support.DirtiesContextTestExecutionListener@129c49d3, org.springframework.boot.test.autoconfigure.web.servlet.WebDriverTestExecutionListener@5c550397, org.springframework.boot.test.autoconfigure.restdocs.RestDocsTestExecutionListener@259aa211, org.springframework.boot.test.mock.mockito.ResetMocksTestExecutionListener@4deb1a6b, org.springframework.boot.test.autoconfigure.web.servlet.MockMvcPrintOnlyOnFailureTestExecutionListener@3dc910d4, org.springframework.boot.test.autoconfigure.web.client.MockRestServiceServerResetTestExecutionListener@49f4f541, org.springframework.boot.test.mock.mockito.MockitoTestExecutionListener@390e4c44]
12:16:40.790 [Test worker] DEBUG org.springframework.test.annotation.ProfileValueUtils - Retrieved @ProfileValueSourceConfiguration [null] for test class [test.pivotal.pal.trackerapi.TimeEntryApiTest]
12:16:40.790 [Test worker] DEBUG org.springframework.test.annotation.ProfileValueUtils - Retrieved ProfileValueSource type [class org.springframework.test.annotation.SystemProfileValueSource] for class [test.pivotal.pal.trackerapi.TimeEntryApiTest]
12:16:40.790 [Test worker] DEBUG org.springframework.test.annotation.ProfileValueUtils - Retrieved @ProfileValueSourceConfiguration [null] for test class [test.pivotal.pal.trackerapi.TimeEntryApiTest]
12:16:40.790 [Test worker] DEBUG org.springframework.test.annotation.ProfileValueUtils - Retrieved ProfileValueSource type [class org.springframework.test.annotation.SystemProfileValueSource] for class [test.pivotal.pal.trackerapi.TimeEntryApiTest]
12:16:40.790 [Test worker] DEBUG org.springframework.test.context.support.AbstractDirtiesContextTestExecutionListener - Before test class: context [DefaultTestContext@795fbf50 testClass = TimeEntryApiTest, testInstance = [null], testMethod = [null], testException = [null], mergedContextConfiguration = [WebMergedContextConfiguration@39d3e8e testClass = TimeEntryApiTest, locations = '{}', classes = '{class io.pivotal.pal.tracker.PalTrackerApplication, class io.pivotal.pal.tracker.PalTrackerApplication}', contextInitializerClasses = '[]', activeProfiles = '{}', propertySourceLocations = '{}', propertySourceProperties = '{org.springframework.boot.test.context.SpringBootTestContextBootstrapper=true, server.port=0}', contextCustomizers = set[org.springframework.boot.test.context.SpringBootTestContextCustomizer@71da8676, org.springframework.boot.test.context.filter.ExcludeFilterContextCustomizer@35dc416c, org.springframework.boot.test.json.DuplicateJsonObjectContextCustomizerFactory$DuplicateJsonObjectContextCustomizer@24218abc, org.springframework.boot.test.mock.mockito.MockitoContextCustomizer@0, org.springframework.boot.test.autoconfigure.properties.PropertyMappingContextCustomizer@0, org.springframework.boot.test.autoconfigure.web.servlet.WebDriverContextCustomizerFactory$Customizer@45587366], resourceBasePath = 'src/main/webapp', contextLoader = 'org.springframework.boot.test.context.SpringBootContextLoader', parent = [null]]], class annotated with @DirtiesContext [false] with mode [null].
12:16:40.790 [Test worker] DEBUG org.springframework.test.annotation.ProfileValueUtils - Retrieved @ProfileValueSourceConfiguration [null] for test class [test.pivotal.pal.trackerapi.TimeEntryApiTest]
12:16:40.790 [Test worker] DEBUG org.springframework.test.annotation.ProfileValueUtils - Retrieved ProfileValueSource type [class org.springframework.test.annotation.SystemProfileValueSource] for class [test.pivotal.pal.trackerapi.TimeEntryApiTest]
12:16:40.790 [Test worker] DEBUG org.springframework.test.context.support.DependencyInjectionTestExecutionListener - Performing dependency injection for test context [[DefaultTestContext@795fbf50 testClass = TimeEntryApiTest, testInstance = test.pivotal.pal.trackerapi.TimeEntryApiTest@4d5022ec, testMethod = [null], testException = [null], mergedContextConfiguration = [WebMergedContextConfiguration@39d3e8e testClass = TimeEntryApiTest, locations = '{}', classes = '{class io.pivotal.pal.tracker.PalTrackerApplication, class io.pivotal.pal.tracker.PalTrackerApplication}', contextInitializerClasses = '[]', activeProfiles = '{}', propertySourceLocations = '{}', propertySourceProperties = '{org.springframework.boot.test.context.SpringBootTestContextBootstrapper=true, server.port=0}', contextCustomizers = set[org.springframework.boot.test.context.SpringBootTestContextCustomizer@71da8676, org.springframework.boot.test.context.filter.ExcludeFilterContextCustomizer@35dc416c, org.springframework.boot.test.json.DuplicateJsonObjectContextCustomizerFactory$DuplicateJsonObjectContextCustomizer@24218abc, org.springframework.boot.test.mock.mockito.MockitoContextCustomizer@0, org.springframework.boot.test.autoconfigure.properties.PropertyMappingContextCustomizer@0, org.springframework.boot.test.autoconfigure.web.servlet.WebDriverContextCustomizerFactory$Customizer@45587366], resourceBasePath = 'src/main/webapp', contextLoader = 'org.springframework.boot.test.context.SpringBootContextLoader', parent = [null]]]].
12:16:40.868 [Test worker] DEBUG org.springframework.core.env.StandardEnvironment - Adding [systemProperties] PropertySource with lowest search precedence
12:16:40.868 [Test worker] DEBUG org.springframework.core.env.StandardEnvironment - Adding [systemEnvironment] PropertySource with lowest search precedence
12:16:40.868 [Test worker] DEBUG org.springframework.core.env.StandardEnvironment - Initialized StandardEnvironment with PropertySources [systemProperties,systemEnvironment]
12:16:40.868 [Test worker] DEBUG org.springframework.test.context.support.TestPropertySourceUtils - Adding inlined properties to environment: {spring.jmx.enabled=false, org.springframework.boot.test.context.SpringBootTestContextBootstrapper=true, server.port=0}
12:16:40.868 [Test worker] DEBUG org.springframework.core.env.StandardEnvironment - Adding [Inlined Test Properties] PropertySource with highest search precedence

  .   ____          _            __ _ _
 /\\ / ___'_ __ _ _(_)_ __  __ _ \ \ \ \
( ( )\___ | '_ | '_| | '_ \/ _` | \ \ \ \
 \\/  ___)| |_)| | | | | || (_| |  ) ) ) )
  '  |____| .__|_| |_|_| |_\__, | / / / /
 =========|_|==============|___/=/_/_/_/
 :: Spring Boot ::        (v1.5.4.RELEASE)

2017-09-06 12:16:41.196  INFO 10456 --- [    Test worker] t.p.pal.trackerapi.TimeEntryApiTest      : Starting TimeEntryApiTest on LIN37000770 with PID 10456 (started by sarsatis in D:\Users\sarsatis\Desktop\workspace\pal-tracker)
2017-09-06 12:16:41.196  INFO 10456 --- [    Test worker] t.p.pal.trackerapi.TimeEntryApiTest      : No active profile set, falling back to default profiles: default
2017-09-06 12:16:41.243  INFO 10456 --- [    Test worker] ationConfigEmbeddedWebApplicationContext : Refreshing org.springframework.boot.context.embedded.AnnotationConfigEmbeddedWebApplicationContext@45e1d4bf: startup date [Wed Sep 06 12:16:41 IST 2017]; root of context hierarchy
2017-09-06 12:16:42.696  INFO 10456 --- [    Test worker] s.b.c.e.t.TomcatEmbeddedServletContainer : Tomcat initialized with port(s): 0 (http)
2017-09-06 12:16:42.711  INFO 10456 --- [    Test worker] o.apache.catalina.core.StandardService   : Starting service [Tomcat]
2017-09-06 12:16:42.711  INFO 10456 --- [    Test worker] org.apache.catalina.core.StandardEngine  : Starting Servlet Engine: Apache Tomcat/8.5.15
2017-09-06 12:16:42.930  INFO 10456 --- [ost-startStop-1] o.a.c.c.C.[Tomcat].[localhost].[/]       : Initializing Spring embedded WebApplicationContext
2017-09-06 12:16:42.930  INFO 10456 --- [ost-startStop-1] o.s.web.context.ContextLoader            : Root WebApplicationContext: initialization completed in 1702 ms
2017-09-06 12:16:43.118  INFO 10456 --- [ost-startStop-1] o.s.b.w.servlet.ServletRegistrationBean  : Mapping servlet: 'dispatcherServlet' to [/]
2017-09-06 12:16:43.118  INFO 10456 --- [ost-startStop-1] o.s.b.w.servlet.FilterRegistrationBean   : Mapping filter: 'characterEncodingFilter' to: [/*]
2017-09-06 12:16:43.118  INFO 10456 --- [ost-startStop-1] o.s.b.w.servlet.FilterRegistrationBean   : Mapping filter: 'hiddenHttpMethodFilter' to: [/*]
2017-09-06 12:16:43.118  INFO 10456 --- [ost-startStop-1] o.s.b.w.servlet.FilterRegistrationBean   : Mapping filter: 'httpPutFormContentFilter' to: [/*]
2017-09-06 12:16:43.118  INFO 10456 --- [ost-startStop-1] o.s.b.w.servlet.FilterRegistrationBean   : Mapping filter: 'requestContextFilter' to: [/*]
2017-09-06 12:16:43.461  INFO 10456 --- [    Test worker] s.w.s.m.m.a.RequestMappingHandlerAdapter : Looking for @ControllerAdvice: org.springframework.boot.context.embedded.AnnotationConfigEmbeddedWebApplicationContext@45e1d4bf: startup date [Wed Sep 06 12:16:41 IST 2017]; root of context hierarchy
2017-09-06 12:16:43.540  INFO 10456 --- [    Test worker] s.w.s.m.m.a.RequestMappingHandlerMapping : Mapped "{[/env],methods=[GET]}" onto public java.util.Map<java.lang.String, java.lang.String> io.pivotal.pal.tracker.EnvController.getEnv()
2017-09-06 12:16:43.540  INFO 10456 --- [    Test worker] s.w.s.m.m.a.RequestMappingHandlerMapping : Mapped "{[/time-entries/{id}],methods=[PUT]}" onto public org.springframework.http.ResponseEntity<io.pivotal.pal.tracker.TimeEntry> io.pivotal.pal.tracker.TimeEntryController.update(java.lang.Long,io.pivotal.pal.tracker.TimeEntry)
2017-09-06 12:16:43.540  INFO 10456 --- [    Test worker] s.w.s.m.m.a.RequestMappingHandlerMapping : Mapped "{[/time-entries/{id}],methods=[DELETE]}" onto public org.springframework.http.ResponseEntity<io.pivotal.pal.tracker.TimeEntry> io.pivotal.pal.tracker.TimeEntryController.delete(java.lang.Long)
2017-09-06 12:16:43.540  INFO 10456 --- [    Test worker] s.w.s.m.m.a.RequestMappingHandlerMapping : Mapped "{[/time-entries/{id}],methods=[GET]}" onto public org.springframework.http.ResponseEntity<io.pivotal.pal.tracker.TimeEntry> io.pivotal.pal.tracker.TimeEntryController.read(java.lang.Long)
2017-09-06 12:16:43.540  INFO 10456 --- [    Test worker] s.w.s.m.m.a.RequestMappingHandlerMapping : Mapped "{[/time-entries],methods=[POST]}" onto public org.springframework.http.ResponseEntity<io.pivotal.pal.tracker.TimeEntry> io.pivotal.pal.tracker.TimeEntryController.create(io.pivotal.pal.tracker.TimeEntry)
2017-09-06 12:16:43.540  INFO 10456 --- [    Test worker] s.w.s.m.m.a.RequestMappingHandlerMapping : Mapped "{[/time-entries],methods=[GET]}" onto public org.springframework.http.ResponseEntity<java.util.List<io.pivotal.pal.tracker.TimeEntry>> io.pivotal.pal.tracker.TimeEntryController.list()
2017-09-06 12:16:43.540  INFO 10456 --- [    Test worker] s.w.s.m.m.a.RequestMappingHandlerMapping : Mapped "{[/],methods=[GET]}" onto public java.lang.String io.pivotal.pal.tracker.WelcomeController.sayHello()
2017-09-06 12:16:43.555  INFO 10456 --- [    Test worker] s.w.s.m.m.a.RequestMappingHandlerMapping : Mapped "{[/error]}" onto public org.springframework.http.ResponseEntity<java.util.Map<java.lang.String, java.lang.Object>> org.springframework.boot.autoconfigure.web.BasicErrorController.error(javax.servlet.http.HttpServletRequest)
2017-09-06 12:16:43.555  INFO 10456 --- [    Test worker] s.w.s.m.m.a.RequestMappingHandlerMapping : Mapped "{[/error],produces=[text/html]}" onto public org.springframework.web.servlet.ModelAndView org.springframework.boot.autoconfigure.web.BasicErrorController.errorHtml(javax.servlet.http.HttpServletRequest,javax.servlet.http.HttpServletResponse)
2017-09-06 12:16:43.571  INFO 10456 --- [    Test worker] o.s.w.s.handler.SimpleUrlHandlerMapping  : Mapped URL path [/webjars/**] onto handler of type [class org.springframework.web.servlet.resource.ResourceHttpRequestHandler]
2017-09-06 12:16:43.586  INFO 10456 --- [    Test worker] o.s.w.s.handler.SimpleUrlHandlerMapping  : Mapped URL path [/**] onto handler of type [class org.springframework.web.servlet.resource.ResourceHttpRequestHandler]
2017-09-06 12:16:43.618  INFO 10456 --- [    Test worker] o.s.w.s.handler.SimpleUrlHandlerMapping  : Mapped URL path [/**/favicon.ico] onto handler of type [class org.springframework.web.servlet.resource.ResourceHttpRequestHandler]
2017-09-06 12:16:43.805  INFO 10456 --- [    Test worker] s.b.c.e.t.TomcatEmbeddedServletContainer : Tomcat started on port(s): 50670 (http)
2017-09-06 12:16:43.805  INFO 10456 --- [    Test worker] t.p.pal.trackerapi.TimeEntryApiTest      : Started TimeEntryApiTest in 2.937 seconds (JVM running for 4.402)
2017-09-06 12:16:44.040  INFO 10456 --- [o-auto-1-exec-1] o.a.c.c.C.[Tomcat].[localhost].[/]       : Initializing Spring FrameworkServlet 'dispatcherServlet'
2017-09-06 12:16:44.040  INFO 10456 --- [o-auto-1-exec-1] o.s.web.servlet.DispatcherServlet        : FrameworkServlet 'dispatcherServlet': initialization started
2017-09-06 12:16:44.071  INFO 10456 --- [o-auto-1-exec-1] o.s.web.servlet.DispatcherServlet        : FrameworkServlet 'dispatcherServlet': initialization completed in 31 ms
]]></system-out>
  <system-err><![CDATA[]]></system-err>
</testsuite>
