<?xml version="1.0" encoding="UTF-8"?>
<testsuite name="test.pivotal.pal.trackerapi.TimeEntryApiTest" tests="5" skipped="0" failures="0" errors="0" timestamp="2017-09-11T01:45:32" hostname="LIN37000770" time="0.406">
  <properties/>
  <testcase name="testList" classname="test.pivotal.pal.trackerapi.TimeEntryApiTest" time="0.141"/>
  <testcase name="testRead" classname="test.pivotal.pal.trackerapi.TimeEntryApiTest" time="0.094"/>
  <testcase name="testCreate" classname="test.pivotal.pal.trackerapi.TimeEntryApiTest" time="0.046"/>
  <testcase name="testDelete" classname="test.pivotal.pal.trackerapi.TimeEntryApiTest" time="0.079"/>
  <testcase name="testUpdate" classname="test.pivotal.pal.trackerapi.TimeEntryApiTest" time="0.046"/>
  <system-out><![CDATA[2017-09-11 07:15:32.287  INFO 10944 --- [    Test worker] .b.t.c.SpringBootTestContextBootstrapper : Neither @ContextConfiguration nor @ContextHierarchy found for test class [test.pivotal.pal.trackerapi.TimeEntryApiTest], using SpringBootContextLoader
2017-09-11 07:15:32.287  INFO 10944 --- [    Test worker] o.s.t.c.support.AbstractContextLoader    : Could not detect default resource locations for test class [test.pivotal.pal.trackerapi.TimeEntryApiTest]: no resource found for suffixes {-context.xml, Context.groovy}.
2017-09-11 07:15:32.302  INFO 10944 --- [    Test worker] .b.t.c.SpringBootTestContextBootstrapper : Loaded default TestExecutionListener class names from location [META-INF/spring.factories]: [org.springframework.boot.test.mock.mockito.MockitoTestExecutionListener, org.springframework.boot.test.mock.mockito.ResetMocksTestExecutionListener, org.springframework.boot.test.autoconfigure.restdocs.RestDocsTestExecutionListener, org.springframework.boot.test.autoconfigure.web.client.MockRestServiceServerResetTestExecutionListener, org.springframework.boot.test.autoconfigure.web.servlet.MockMvcPrintOnlyOnFailureTestExecutionListener, org.springframework.boot.test.autoconfigure.web.servlet.WebDriverTestExecutionListener, org.springframework.test.context.web.ServletTestExecutionListener, org.springframework.test.context.support.DirtiesContextBeforeModesTestExecutionListener, org.springframework.test.context.support.DependencyInjectionTestExecutionListener, org.springframework.test.context.support.DirtiesContextTestExecutionListener, org.springframework.test.context.transaction.TransactionalTestExecutionListener, org.springframework.test.context.jdbc.SqlScriptsTestExecutionListener]
2017-09-11 07:15:32.302  INFO 10944 --- [    Test worker] .b.t.c.SpringBootTestContextBootstrapper : Using TestExecutionListeners: [org.springframework.test.context.web.ServletTestExecutionListener@6f22cf05, org.springframework.test.context.support.DirtiesContextBeforeModesTestExecutionListener@a305315, org.springframework.boot.test.autoconfigure.SpringBootDependencyInjectionTestExecutionListener@6f14d074, org.springframework.test.context.support.DirtiesContextTestExecutionListener@63e8d9cf, org.springframework.test.context.transaction.TransactionalTestExecutionListener@1acb7850, org.springframework.test.context.jdbc.SqlScriptsTestExecutionListener@12eb38e7, org.springframework.boot.test.autoconfigure.web.servlet.WebDriverTestExecutionListener@5bb5ddbe, org.springframework.boot.test.mock.mockito.ResetMocksTestExecutionListener@7e3641a6, org.springframework.boot.test.autoconfigure.web.servlet.MockMvcPrintOnlyOnFailureTestExecutionListener@3ffebfc8, org.springframework.boot.test.autoconfigure.restdocs.RestDocsTestExecutionListener@749984d0, org.springframework.boot.test.mock.mockito.MockitoTestExecutionListener@1b4efd0, org.springframework.boot.test.autoconfigure.web.client.MockRestServiceServerResetTestExecutionListener@4d43b531]
]]></system-out>
  <system-err><![CDATA[]]></system-err>
</testsuite>
