<?xml version="1.0" encoding="UTF-8"?>
<testsuite name="test.pivotal.pal.trackerapi.TimeEntryApiTest" tests="5" skipped="0" failures="0" errors="0" timestamp="2017-09-11T04:07:21" hostname="LIN37000770" time="0.432">
  <properties/>
  <testcase name="testList" classname="test.pivotal.pal.trackerapi.TimeEntryApiTest" time="0.152"/>
  <testcase name="testRead" classname="test.pivotal.pal.trackerapi.TimeEntryApiTest" time="0.08"/>
  <testcase name="testCreate" classname="test.pivotal.pal.trackerapi.TimeEntryApiTest" time="0.052"/>
  <testcase name="testDelete" classname="test.pivotal.pal.trackerapi.TimeEntryApiTest" time="0.08"/>
  <testcase name="testUpdate" classname="test.pivotal.pal.trackerapi.TimeEntryApiTest" time="0.064"/>
  <system-out><![CDATA[2017-09-11 09:37:21.776  INFO 12076 --- [    Test worker] .b.t.c.SpringBootTestContextBootstrapper : Neither @ContextConfiguration nor @ContextHierarchy found for test class [test.pivotal.pal.trackerapi.TimeEntryApiTest], using SpringBootContextLoader
2017-09-11 09:37:21.780  INFO 12076 --- [    Test worker] o.s.t.c.support.AbstractContextLoader    : Could not detect default resource locations for test class [test.pivotal.pal.trackerapi.TimeEntryApiTest]: no resource found for suffixes {-context.xml, Context.groovy}.
2017-09-11 09:37:21.792  INFO 12076 --- [    Test worker] .b.t.c.SpringBootTestContextBootstrapper : Loaded default TestExecutionListener class names from location [META-INF/spring.factories]: [org.springframework.boot.test.mock.mockito.MockitoTestExecutionListener, org.springframework.boot.test.mock.mockito.ResetMocksTestExecutionListener, org.springframework.boot.test.autoconfigure.restdocs.RestDocsTestExecutionListener, org.springframework.boot.test.autoconfigure.web.client.MockRestServiceServerResetTestExecutionListener, org.springframework.boot.test.autoconfigure.web.servlet.MockMvcPrintOnlyOnFailureTestExecutionListener, org.springframework.boot.test.autoconfigure.web.servlet.WebDriverTestExecutionListener, org.springframework.test.context.web.ServletTestExecutionListener, org.springframework.test.context.support.DirtiesContextBeforeModesTestExecutionListener, org.springframework.test.context.support.DependencyInjectionTestExecutionListener, org.springframework.test.context.support.DirtiesContextTestExecutionListener, org.springframework.test.context.transaction.TransactionalTestExecutionListener, org.springframework.test.context.jdbc.SqlScriptsTestExecutionListener]
2017-09-11 09:37:21.796  INFO 12076 --- [    Test worker] .b.t.c.SpringBootTestContextBootstrapper : Using TestExecutionListeners: [org.springframework.test.context.web.ServletTestExecutionListener@58fac23e, org.springframework.test.context.support.DirtiesContextBeforeModesTestExecutionListener@210191bf, org.springframework.boot.test.autoconfigure.SpringBootDependencyInjectionTestExecutionListener@6df86fab, org.springframework.test.context.support.DirtiesContextTestExecutionListener@93675e8, org.springframework.test.context.transaction.TransactionalTestExecutionListener@7d3bdc2, org.springframework.test.context.jdbc.SqlScriptsTestExecutionListener@2af248ee, org.springframework.boot.test.autoconfigure.web.servlet.WebDriverTestExecutionListener@459ff2c, org.springframework.boot.test.mock.mockito.MockitoTestExecutionListener@3efa537a, org.springframework.boot.test.autoconfigure.restdocs.RestDocsTestExecutionListener@24ddc4ca, org.springframework.boot.test.autoconfigure.web.client.MockRestServiceServerResetTestExecutionListener@1cd04d87, org.springframework.boot.test.autoconfigure.web.servlet.MockMvcPrintOnlyOnFailureTestExecutionListener@57bb61ae, org.springframework.boot.test.mock.mockito.ResetMocksTestExecutionListener@3b3689a0]
]]></system-out>
  <system-err><![CDATA[]]></system-err>
</testsuite>
