<?xml version="1.0" encoding="UTF-8"?>
<testsuite name="test.pivotal.pal.trackerapi.WelcomeApiTest" tests="1" skipped="0" failures="0" errors="0" timestamp="2017-09-11T01:45:32" hostname="LIN37000770" time="0.015">
  <properties/>
  <testcase name="exampleTest" classname="test.pivotal.pal.trackerapi.WelcomeApiTest" time="0.015"/>
  <system-out><![CDATA[2017-09-11 07:15:32.724  INFO 10944 --- [    Test worker] .b.t.c.SpringBootTestContextBootstrapper : Neither @ContextConfiguration nor @ContextHierarchy found for test class [test.pivotal.pal.trackerapi.WelcomeApiTest], using SpringBootContextLoader
2017-09-11 07:15:32.724  INFO 10944 --- [    Test worker] o.s.t.c.support.AbstractContextLoader    : Could not detect default resource locations for test class [test.pivotal.pal.trackerapi.WelcomeApiTest]: no resource found for suffixes {-context.xml, Context.groovy}.
2017-09-11 07:15:32.740  INFO 10944 --- [    Test worker] .b.t.c.SpringBootTestContextBootstrapper : Loaded default TestExecutionListener class names from location [META-INF/spring.factories]: [org.springframework.boot.test.mock.mockito.MockitoTestExecutionListener, org.springframework.boot.test.mock.mockito.ResetMocksTestExecutionListener, org.springframework.boot.test.autoconfigure.restdocs.RestDocsTestExecutionListener, org.springframework.boot.test.autoconfigure.web.client.MockRestServiceServerResetTestExecutionListener, org.springframework.boot.test.autoconfigure.web.servlet.MockMvcPrintOnlyOnFailureTestExecutionListener, org.springframework.boot.test.autoconfigure.web.servlet.WebDriverTestExecutionListener, org.springframework.test.context.web.ServletTestExecutionListener, org.springframework.test.context.support.DirtiesContextBeforeModesTestExecutionListener, org.springframework.test.context.support.DependencyInjectionTestExecutionListener, org.springframework.test.context.support.DirtiesContextTestExecutionListener, org.springframework.test.context.transaction.TransactionalTestExecutionListener, org.springframework.test.context.jdbc.SqlScriptsTestExecutionListener]
2017-09-11 07:15:32.740  INFO 10944 --- [    Test worker] .b.t.c.SpringBootTestContextBootstrapper : Using TestExecutionListeners: [org.springframework.test.context.web.ServletTestExecutionListener@3f47e780, org.springframework.test.context.support.DirtiesContextBeforeModesTestExecutionListener@6160108b, org.springframework.boot.test.autoconfigure.SpringBootDependencyInjectionTestExecutionListener@4b97f793, org.springframework.test.context.support.DirtiesContextTestExecutionListener@4ab2c790, org.springframework.test.context.transaction.TransactionalTestExecutionListener@4a4952a1, org.springframework.test.context.jdbc.SqlScriptsTestExecutionListener@2b4ce72b, org.springframework.boot.test.autoconfigure.web.servlet.WebDriverTestExecutionListener@5f13a6be, org.springframework.boot.test.mock.mockito.ResetMocksTestExecutionListener@341648b, org.springframework.boot.test.autoconfigure.web.servlet.MockMvcPrintOnlyOnFailureTestExecutionListener@31df218, org.springframework.boot.test.autoconfigure.restdocs.RestDocsTestExecutionListener@4f2438ef, org.springframework.boot.test.mock.mockito.MockitoTestExecutionListener@dc041e3, org.springframework.boot.test.autoconfigure.web.client.MockRestServiceServerResetTestExecutionListener@52d09ec]
]]></system-out>
  <system-err><![CDATA[]]></system-err>
</testsuite>
