<?xml version="1.0" encoding="UTF-8"?>
<testsuite name="test.pivotal.pal.trackerapi.SecurityApiTest" tests="2" skipped="0" failures="0" errors="0" timestamp="2017-09-11T03:28:43" hostname="LIN37000770" time="0.063">
  <properties/>
  <testcase name="unauthorizedTest" classname="test.pivotal.pal.trackerapi.SecurityApiTest" time="0.047"/>
  <testcase name="authorizedTest" classname="test.pivotal.pal.trackerapi.SecurityApiTest" time="0.016"/>
  <system-out><![CDATA[2017-09-11 08:58:43.364  INFO 9892 --- [    Test worker] .b.t.c.SpringBootTestContextBootstrapper : Neither @ContextConfiguration nor @ContextHierarchy found for test class [test.pivotal.pal.trackerapi.SecurityApiTest], using SpringBootContextLoader
2017-09-11 08:58:43.364  INFO 9892 --- [    Test worker] o.s.t.c.support.AbstractContextLoader    : Could not detect default resource locations for test class [test.pivotal.pal.trackerapi.SecurityApiTest]: no resource found for suffixes {-context.xml, Context.groovy}.
2017-09-11 08:58:43.395  INFO 9892 --- [    Test worker] .b.t.c.SpringBootTestContextBootstrapper : Loaded default TestExecutionListener class names from location [META-INF/spring.factories]: [org.springframework.boot.test.mock.mockito.MockitoTestExecutionListener, org.springframework.boot.test.mock.mockito.ResetMocksTestExecutionListener, org.springframework.boot.test.autoconfigure.restdocs.RestDocsTestExecutionListener, org.springframework.boot.test.autoconfigure.web.client.MockRestServiceServerResetTestExecutionListener, org.springframework.boot.test.autoconfigure.web.servlet.MockMvcPrintOnlyOnFailureTestExecutionListener, org.springframework.boot.test.autoconfigure.web.servlet.WebDriverTestExecutionListener, org.springframework.test.context.web.ServletTestExecutionListener, org.springframework.test.context.support.DirtiesContextBeforeModesTestExecutionListener, org.springframework.test.context.support.DependencyInjectionTestExecutionListener, org.springframework.test.context.support.DirtiesContextTestExecutionListener, org.springframework.test.context.transaction.TransactionalTestExecutionListener, org.springframework.test.context.jdbc.SqlScriptsTestExecutionListener]
2017-09-11 08:58:43.395  INFO 9892 --- [    Test worker] .b.t.c.SpringBootTestContextBootstrapper : Using TestExecutionListeners: [org.springframework.test.context.web.ServletTestExecutionListener@ceab547, org.springframework.test.context.support.DirtiesContextBeforeModesTestExecutionListener@6ca01088, org.springframework.boot.test.autoconfigure.SpringBootDependencyInjectionTestExecutionListener@15fec3a2, org.springframework.test.context.support.DirtiesContextTestExecutionListener@6d6e90de, org.springframework.test.context.transaction.TransactionalTestExecutionListener@347750b9, org.springframework.test.context.jdbc.SqlScriptsTestExecutionListener@583f22ef, org.springframework.boot.test.autoconfigure.web.client.MockRestServiceServerResetTestExecutionListener@3bbf1999, org.springframework.boot.test.mock.mockito.ResetMocksTestExecutionListener@224e9650, org.springframework.boot.test.autoconfigure.web.servlet.MockMvcPrintOnlyOnFailureTestExecutionListener@2c32f838, org.springframework.boot.test.mock.mockito.MockitoTestExecutionListener@dbb9f0b, org.springframework.boot.test.autoconfigure.restdocs.RestDocsTestExecutionListener@4e0b3cf4, org.springframework.boot.test.autoconfigure.web.servlet.WebDriverTestExecutionListener@18a1cf73]
]]></system-out>
  <system-err><![CDATA[]]></system-err>
</testsuite>
