<?xml version="1.0" encoding="UTF-8"?>
<testsuite name="test.pivotal.pal.trackerapi.SecurityApiTest" tests="2" skipped="0" failures="0" errors="0" timestamp="2017-09-11T04:07:21" hostname="LIN37000770" time="0.06">
  <properties/>
  <testcase name="unauthorizedTest" classname="test.pivotal.pal.trackerapi.SecurityApiTest" time="0.04"/>
  <testcase name="authorizedTest" classname="test.pivotal.pal.trackerapi.SecurityApiTest" time="0.02"/>
  <system-out><![CDATA[2017-09-11 09:37:21.624  INFO 12076 --- [    Test worker] .b.t.c.SpringBootTestContextBootstrapper : Neither @ContextConfiguration nor @ContextHierarchy found for test class [test.pivotal.pal.trackerapi.SecurityApiTest], using SpringBootContextLoader
2017-09-11 09:37:21.628  INFO 12076 --- [    Test worker] o.s.t.c.support.AbstractContextLoader    : Could not detect default resource locations for test class [test.pivotal.pal.trackerapi.SecurityApiTest]: no resource found for suffixes {-context.xml, Context.groovy}.
2017-09-11 09:37:21.660  INFO 12076 --- [    Test worker] .b.t.c.SpringBootTestContextBootstrapper : Loaded default TestExecutionListener class names from location [META-INF/spring.factories]: [org.springframework.boot.test.mock.mockito.MockitoTestExecutionListener, org.springframework.boot.test.mock.mockito.ResetMocksTestExecutionListener, org.springframework.boot.test.autoconfigure.restdocs.RestDocsTestExecutionListener, org.springframework.boot.test.autoconfigure.web.client.MockRestServiceServerResetTestExecutionListener, org.springframework.boot.test.autoconfigure.web.servlet.MockMvcPrintOnlyOnFailureTestExecutionListener, org.springframework.boot.test.autoconfigure.web.servlet.WebDriverTestExecutionListener, org.springframework.test.context.web.ServletTestExecutionListener, org.springframework.test.context.support.DirtiesContextBeforeModesTestExecutionListener, org.springframework.test.context.support.DependencyInjectionTestExecutionListener, org.springframework.test.context.support.DirtiesContextTestExecutionListener, org.springframework.test.context.transaction.TransactionalTestExecutionListener, org.springframework.test.context.jdbc.SqlScriptsTestExecutionListener]
2017-09-11 09:37:21.664  INFO 12076 --- [    Test worker] .b.t.c.SpringBootTestContextBootstrapper : Using TestExecutionListeners: [org.springframework.test.context.web.ServletTestExecutionListener@271d3d5, org.springframework.test.context.support.DirtiesContextBeforeModesTestExecutionListener@63498320, org.springframework.boot.test.autoconfigure.SpringBootDependencyInjectionTestExecutionListener@12296e64, org.springframework.test.context.support.DirtiesContextTestExecutionListener@3382d603, org.springframework.test.context.transaction.TransactionalTestExecutionListener@3fe144dd, org.springframework.test.context.jdbc.SqlScriptsTestExecutionListener@101e8082, org.springframework.boot.test.autoconfigure.web.servlet.WebDriverTestExecutionListener@499d96ab, org.springframework.boot.test.mock.mockito.MockitoTestExecutionListener@6c8a7355, org.springframework.boot.test.autoconfigure.restdocs.RestDocsTestExecutionListener@59f805b5, org.springframework.boot.test.autoconfigure.web.client.MockRestServiceServerResetTestExecutionListener@3d068498, org.springframework.boot.test.autoconfigure.web.servlet.MockMvcPrintOnlyOnFailureTestExecutionListener@180b755d, org.springframework.boot.test.mock.mockito.ResetMocksTestExecutionListener@27a4add2]
]]></system-out>
  <system-err><![CDATA[]]></system-err>
</testsuite>
