<?xml version="1.0" encoding="UTF-8"?>
<testsuite name="test.pivotal.pal.trackerapi.WelcomeApiTest" tests="1" skipped="0" failures="0" errors="0" timestamp="2017-09-07T03:01:08" hostname="LIN37000770" time="0.016">
  <properties/>
  <testcase name="exampleTest" classname="test.pivotal.pal.trackerapi.WelcomeApiTest" time="0.016"/>
  <system-out><![CDATA[2017-09-07 08:31:08.513  INFO 8520 --- [    Test worker] .b.t.c.SpringBootTestContextBootstrapper : Neither @ContextConfiguration nor @ContextHierarchy found for test class [test.pivotal.pal.trackerapi.WelcomeApiTest], using SpringBootContextLoader
2017-09-07 08:31:08.513  INFO 8520 --- [    Test worker] o.s.t.c.support.AbstractContextLoader    : Could not detect default resource locations for test class [test.pivotal.pal.trackerapi.WelcomeApiTest]: no resource found for suffixes {-context.xml, Context.groovy}.
2017-09-07 08:31:08.513  INFO 8520 --- [    Test worker] .b.t.c.SpringBootTestContextBootstrapper : Loaded default TestExecutionListener class names from location [META-INF/spring.factories]: [org.springframework.boot.test.mock.mockito.MockitoTestExecutionListener, org.springframework.boot.test.mock.mockito.ResetMocksTestExecutionListener, org.springframework.boot.test.autoconfigure.restdocs.RestDocsTestExecutionListener, org.springframework.boot.test.autoconfigure.web.client.MockRestServiceServerResetTestExecutionListener, org.springframework.boot.test.autoconfigure.web.servlet.MockMvcPrintOnlyOnFailureTestExecutionListener, org.springframework.boot.test.autoconfigure.web.servlet.WebDriverTestExecutionListener, org.springframework.test.context.web.ServletTestExecutionListener, org.springframework.test.context.support.DirtiesContextBeforeModesTestExecutionListener, org.springframework.test.context.support.DependencyInjectionTestExecutionListener, org.springframework.test.context.support.DirtiesContextTestExecutionListener, org.springframework.test.context.transaction.TransactionalTestExecutionListener, org.springframework.test.context.jdbc.SqlScriptsTestExecutionListener]
2017-09-07 08:31:08.513  INFO 8520 --- [    Test worker] .b.t.c.SpringBootTestContextBootstrapper : Using TestExecutionListeners: [org.springframework.test.context.web.ServletTestExecutionListener@7ae95710, org.springframework.test.context.support.DirtiesContextBeforeModesTestExecutionListener@5ed4d91d, org.springframework.boot.test.autoconfigure.SpringBootDependencyInjectionTestExecutionListener@2fe2e5a7, org.springframework.test.context.support.DirtiesContextTestExecutionListener@45956adf, org.springframework.test.context.transaction.TransactionalTestExecutionListener@7574e4aa, org.springframework.test.context.jdbc.SqlScriptsTestExecutionListener@d90d728, org.springframework.boot.test.autoconfigure.web.servlet.WebDriverTestExecutionListener@3567c4e0, org.springframework.boot.test.autoconfigure.web.client.MockRestServiceServerResetTestExecutionListener@5b4a9301, org.springframework.boot.test.autoconfigure.web.servlet.MockMvcPrintOnlyOnFailureTestExecutionListener@9496d76, org.springframework.boot.test.mock.mockito.ResetMocksTestExecutionListener@2ebc2e0, org.springframework.boot.test.mock.mockito.MockitoTestExecutionListener@9a04699, org.springframework.boot.test.autoconfigure.restdocs.RestDocsTestExecutionListener@6fd0e37]
]]></system-out>
  <system-err><![CDATA[]]></system-err>
</testsuite>
