<?xml version="1.0" encoding="UTF-8"?>
<testsuite name="test.pivotal.pal.trackerapi.WelcomeApiTest" tests="1" skipped="0" failures="0" errors="0" timestamp="2017-09-11T03:59:56" hostname="LIN37000770" time="0.02">
  <properties/>
  <testcase name="exampleTest" classname="test.pivotal.pal.trackerapi.WelcomeApiTest" time="0.02"/>
  <system-out><![CDATA[2017-09-11 09:29:56.761  INFO 2536 --- [    Test worker] .b.t.c.SpringBootTestContextBootstrapper : Neither @ContextConfiguration nor @ContextHierarchy found for test class [test.pivotal.pal.trackerapi.WelcomeApiTest], using SpringBootContextLoader
2017-09-11 09:29:56.761  INFO 2536 --- [    Test worker] o.s.t.c.support.AbstractContextLoader    : Could not detect default resource locations for test class [test.pivotal.pal.trackerapi.WelcomeApiTest]: no resource found for suffixes {-context.xml, Context.groovy}.
2017-09-11 09:29:56.773  INFO 2536 --- [    Test worker] .b.t.c.SpringBootTestContextBootstrapper : Loaded default TestExecutionListener class names from location [META-INF/spring.factories]: [org.springframework.boot.test.mock.mockito.MockitoTestExecutionListener, org.springframework.boot.test.mock.mockito.ResetMocksTestExecutionListener, org.springframework.boot.test.autoconfigure.restdocs.RestDocsTestExecutionListener, org.springframework.boot.test.autoconfigure.web.client.MockRestServiceServerResetTestExecutionListener, org.springframework.boot.test.autoconfigure.web.servlet.MockMvcPrintOnlyOnFailureTestExecutionListener, org.springframework.boot.test.autoconfigure.web.servlet.WebDriverTestExecutionListener, org.springframework.test.context.web.ServletTestExecutionListener, org.springframework.test.context.support.DirtiesContextBeforeModesTestExecutionListener, org.springframework.test.context.support.DependencyInjectionTestExecutionListener, org.springframework.test.context.support.DirtiesContextTestExecutionListener, org.springframework.test.context.transaction.TransactionalTestExecutionListener, org.springframework.test.context.jdbc.SqlScriptsTestExecutionListener]
2017-09-11 09:29:56.777  INFO 2536 --- [    Test worker] .b.t.c.SpringBootTestContextBootstrapper : Using TestExecutionListeners: [org.springframework.test.context.web.ServletTestExecutionListener@606d0196, org.springframework.test.context.support.DirtiesContextBeforeModesTestExecutionListener@9b08841, org.springframework.boot.test.autoconfigure.SpringBootDependencyInjectionTestExecutionListener@5af6028d, org.springframework.test.context.support.DirtiesContextTestExecutionListener@311b200e, org.springframework.test.context.transaction.TransactionalTestExecutionListener@3972f60a, org.springframework.test.context.jdbc.SqlScriptsTestExecutionListener@340d83e5, org.springframework.boot.test.autoconfigure.web.client.MockRestServiceServerResetTestExecutionListener@5e051d83, org.springframework.boot.test.mock.mockito.ResetMocksTestExecutionListener@36f65d1d, org.springframework.boot.test.autoconfigure.web.servlet.MockMvcPrintOnlyOnFailureTestExecutionListener@189a2f6f, org.springframework.boot.test.mock.mockito.MockitoTestExecutionListener@40509532, org.springframework.boot.test.autoconfigure.restdocs.RestDocsTestExecutionListener@36cf61be, org.springframework.boot.test.autoconfigure.web.servlet.WebDriverTestExecutionListener@32d5dccf]
]]></system-out>
  <system-err><![CDATA[]]></system-err>
</testsuite>
