<?xml version="1.0" encoding="UTF-8"?>
<testsuite name="test.pivotal.pal.trackerapi.WelcomeApiTest" tests="1" skipped="0" failures="0" errors="0" timestamp="2017-09-11T02:02:04" hostname="LIN37000770" time="0.016">
  <properties/>
  <testcase name="exampleTest" classname="test.pivotal.pal.trackerapi.WelcomeApiTest" time="0.016"/>
  <system-out><![CDATA[2017-09-11 07:32:04.172  INFO 5256 --- [    Test worker] .b.t.c.SpringBootTestContextBootstrapper : Neither @ContextConfiguration nor @ContextHierarchy found for test class [test.pivotal.pal.trackerapi.WelcomeApiTest], using SpringBootContextLoader
2017-09-11 07:32:04.172  INFO 5256 --- [    Test worker] o.s.t.c.support.AbstractContextLoader    : Could not detect default resource locations for test class [test.pivotal.pal.trackerapi.WelcomeApiTest]: no resource found for suffixes {-context.xml, Context.groovy}.
2017-09-11 07:32:04.187  INFO 5256 --- [    Test worker] .b.t.c.SpringBootTestContextBootstrapper : Loaded default TestExecutionListener class names from location [META-INF/spring.factories]: [org.springframework.boot.test.mock.mockito.MockitoTestExecutionListener, org.springframework.boot.test.mock.mockito.ResetMocksTestExecutionListener, org.springframework.boot.test.autoconfigure.restdocs.RestDocsTestExecutionListener, org.springframework.boot.test.autoconfigure.web.client.MockRestServiceServerResetTestExecutionListener, org.springframework.boot.test.autoconfigure.web.servlet.MockMvcPrintOnlyOnFailureTestExecutionListener, org.springframework.boot.test.autoconfigure.web.servlet.WebDriverTestExecutionListener, org.springframework.test.context.web.ServletTestExecutionListener, org.springframework.test.context.support.DirtiesContextBeforeModesTestExecutionListener, org.springframework.test.context.support.DependencyInjectionTestExecutionListener, org.springframework.test.context.support.DirtiesContextTestExecutionListener, org.springframework.test.context.transaction.TransactionalTestExecutionListener, org.springframework.test.context.jdbc.SqlScriptsTestExecutionListener]
2017-09-11 07:32:04.187  INFO 5256 --- [    Test worker] .b.t.c.SpringBootTestContextBootstrapper : Using TestExecutionListeners: [org.springframework.test.context.web.ServletTestExecutionListener@83ef08f, org.springframework.test.context.support.DirtiesContextBeforeModesTestExecutionListener@2b304d04, org.springframework.boot.test.autoconfigure.SpringBootDependencyInjectionTestExecutionListener@37996d26, org.springframework.test.context.support.DirtiesContextTestExecutionListener@2541c3a0, org.springframework.test.context.transaction.TransactionalTestExecutionListener@5a04e50f, org.springframework.test.context.jdbc.SqlScriptsTestExecutionListener@7375db26, org.springframework.boot.test.autoconfigure.web.servlet.WebDriverTestExecutionListener@f797833, org.springframework.boot.test.mock.mockito.ResetMocksTestExecutionListener@248ef6bf, org.springframework.boot.test.autoconfigure.restdocs.RestDocsTestExecutionListener@59df43bc, org.springframework.boot.test.autoconfigure.web.client.MockRestServiceServerResetTestExecutionListener@4ae0f4a, org.springframework.boot.test.autoconfigure.web.servlet.MockMvcPrintOnlyOnFailureTestExecutionListener@4052470c, org.springframework.boot.test.mock.mockito.MockitoTestExecutionListener@133a6ab7]
]]></system-out>
  <system-err><![CDATA[]]></system-err>
</testsuite>
