<?xml version="1.0" encoding="UTF-8"?>
<testsuite name="test.pivotal.pal.trackerapi.TimeEntryApiTest" tests="5" skipped="0" failures="0" errors="0" timestamp="2017-09-11T03:23:28" hostname="LIN37000770" time="0.419">
  <properties/>
  <testcase name="testList" classname="test.pivotal.pal.trackerapi.TimeEntryApiTest" time="0.14"/>
  <testcase name="testRead" classname="test.pivotal.pal.trackerapi.TimeEntryApiTest" time="0.08"/>
  <testcase name="testCreate" classname="test.pivotal.pal.trackerapi.TimeEntryApiTest" time="0.059"/>
  <testcase name="testDelete" classname="test.pivotal.pal.trackerapi.TimeEntryApiTest" time="0.078"/>
  <testcase name="testUpdate" classname="test.pivotal.pal.trackerapi.TimeEntryApiTest" time="0.062"/>
  <system-out><![CDATA[2017-09-11 08:53:28.516  INFO 6708 --- [    Test worker] .b.t.c.SpringBootTestContextBootstrapper : Neither @ContextConfiguration nor @ContextHierarchy found for test class [test.pivotal.pal.trackerapi.TimeEntryApiTest], using SpringBootContextLoader
2017-09-11 08:53:28.516  INFO 6708 --- [    Test worker] o.s.t.c.support.AbstractContextLoader    : Could not detect default resource locations for test class [test.pivotal.pal.trackerapi.TimeEntryApiTest]: no resource found for suffixes {-context.xml, Context.groovy}.
2017-09-11 08:53:28.516  INFO 6708 --- [    Test worker] .b.t.c.SpringBootTestContextBootstrapper : Loaded default TestExecutionListener class names from location [META-INF/spring.factories]: [org.springframework.boot.test.mock.mockito.MockitoTestExecutionListener, org.springframework.boot.test.mock.mockito.ResetMocksTestExecutionListener, org.springframework.boot.test.autoconfigure.restdocs.RestDocsTestExecutionListener, org.springframework.boot.test.autoconfigure.web.client.MockRestServiceServerResetTestExecutionListener, org.springframework.boot.test.autoconfigure.web.servlet.MockMvcPrintOnlyOnFailureTestExecutionListener, org.springframework.boot.test.autoconfigure.web.servlet.WebDriverTestExecutionListener, org.springframework.test.context.web.ServletTestExecutionListener, org.springframework.test.context.support.DirtiesContextBeforeModesTestExecutionListener, org.springframework.test.context.support.DependencyInjectionTestExecutionListener, org.springframework.test.context.support.DirtiesContextTestExecutionListener, org.springframework.test.context.transaction.TransactionalTestExecutionListener, org.springframework.test.context.jdbc.SqlScriptsTestExecutionListener]
2017-09-11 08:53:28.532  INFO 6708 --- [    Test worker] .b.t.c.SpringBootTestContextBootstrapper : Using TestExecutionListeners: [org.springframework.test.context.web.ServletTestExecutionListener@4be2c3a4, org.springframework.test.context.support.DirtiesContextBeforeModesTestExecutionListener@7f8375ff, org.springframework.boot.test.autoconfigure.SpringBootDependencyInjectionTestExecutionListener@1f977d92, org.springframework.test.context.support.DirtiesContextTestExecutionListener@4298e18d, org.springframework.test.context.transaction.TransactionalTestExecutionListener@1f3ae599, org.springframework.test.context.jdbc.SqlScriptsTestExecutionListener@7b72570c, org.springframework.boot.test.autoconfigure.web.client.MockRestServiceServerResetTestExecutionListener@5f2dde1d, org.springframework.boot.test.mock.mockito.ResetMocksTestExecutionListener@5abcd8fc, org.springframework.boot.test.autoconfigure.web.servlet.MockMvcPrintOnlyOnFailureTestExecutionListener@12e2f81f, org.springframework.boot.test.mock.mockito.MockitoTestExecutionListener@7b411778, org.springframework.boot.test.autoconfigure.restdocs.RestDocsTestExecutionListener@4a2de33b, org.springframework.boot.test.autoconfigure.web.servlet.WebDriverTestExecutionListener@766aa9ba]
]]></system-out>
  <system-err><![CDATA[]]></system-err>
</testsuite>
