<?xml version="1.0" encoding="UTF-8"?>
<testsuite name="test.pivotal.pal.tracker.JdbcTimeEntryRepositoryTest" tests="8" skipped="0" failures="0" errors="0" timestamp="2017-09-11T04:43:42" hostname="LIN37000770" time="0.611">
  <properties/>
  <testcase name="updateReturnsTheUpdatedRecord" classname="test.pivotal.pal.tracker.JdbcTimeEntryRepositoryTest" time="0.36"/>
  <testcase name="createReturnsTheCreatedTimeEntry" classname="test.pivotal.pal.tracker.JdbcTimeEntryRepositoryTest" time="0.047"/>
  <testcase name="findReturnsNullWhenNotFound" classname="test.pivotal.pal.tracker.JdbcTimeEntryRepositoryTest" time="0.031"/>
  <testcase name="createInsertsATimeEntryRecord" classname="test.pivotal.pal.tracker.JdbcTimeEntryRepositoryTest" time="0.031"/>
  <testcase name="deleteRemovesTheRecord" classname="test.pivotal.pal.tracker.JdbcTimeEntryRepositoryTest" time="0.047"/>
  <testcase name="updateUpdatesTheRecord" classname="test.pivotal.pal.tracker.JdbcTimeEntryRepositoryTest" time="0.031"/>
  <testcase name="findFindsATimeEntry" classname="test.pivotal.pal.tracker.JdbcTimeEntryRepositoryTest" time="0.032"/>
  <testcase name="listFindsAllTimeEntries" classname="test.pivotal.pal.tracker.JdbcTimeEntryRepositoryTest" time="0.032"/>
  <system-out><![CDATA[10:13:42.295 [Test worker] DEBUG org.springframework.jdbc.core.JdbcTemplate - Executing SQL statement [DELETE FROM time_entries]
10:13:42.326 [Test worker] DEBUG org.springframework.jdbc.datasource.DataSourceUtils - Fetching JDBC Connection from DataSource
10:13:42.498 [Test worker] DEBUG org.springframework.jdbc.datasource.DataSourceUtils - Returning JDBC Connection to DataSource
10:13:42.498 [Test worker] DEBUG org.springframework.jdbc.core.JdbcTemplate - Executing SQL statement [INSERT INTO time_entries (id, project_id, user_id, date, hours) VALUES (1000, 123, 321, 'today', 8)]
10:13:42.498 [Test worker] DEBUG org.springframework.jdbc.datasource.DataSourceUtils - Fetching JDBC Connection from DataSource
10:13:42.514 [Test worker] DEBUG org.springframework.jdbc.datasource.DataSourceUtils - Returning JDBC Connection to DataSource
10:13:42.514 [Test worker] DEBUG org.springframework.jdbc.core.JdbcTemplate - Executing prepared SQL update
10:13:42.514 [Test worker] DEBUG org.springframework.jdbc.core.JdbcTemplate - Executing prepared SQL statement [UPDATE time_entries SET project_id = ?, user_id = ?, date = ?,  hours = ? WHERE id = ?]
10:13:42.514 [Test worker] DEBUG org.springframework.jdbc.datasource.DataSourceUtils - Fetching JDBC Connection from DataSource
10:13:42.529 [Test worker] DEBUG org.springframework.jdbc.core.JdbcTemplate - SQL update affected 1 rows
10:13:42.529 [Test worker] DEBUG org.springframework.jdbc.datasource.DataSourceUtils - Returning JDBC Connection to DataSource
10:13:42.545 [Test worker] DEBUG org.springframework.jdbc.core.JdbcTemplate - Executing prepared SQL query
10:13:42.545 [Test worker] DEBUG org.springframework.jdbc.core.JdbcTemplate - Executing prepared SQL statement [SELECT id, project_id, user_id, date, hours FROM time_entries WHERE id = ?]
10:13:42.545 [Test worker] DEBUG org.springframework.jdbc.datasource.DataSourceUtils - Fetching JDBC Connection from DataSource
10:13:42.545 [Test worker] DEBUG org.springframework.jdbc.datasource.DataSourceUtils - Returning JDBC Connection to DataSource
10:13:42.545 [Test worker] DEBUG org.springframework.jdbc.core.JdbcTemplate - Executing SQL statement [DELETE FROM time_entries]
10:13:42.545 [Test worker] DEBUG org.springframework.jdbc.datasource.DataSourceUtils - Fetching JDBC Connection from DataSource
10:13:42.560 [Test worker] DEBUG org.springframework.jdbc.datasource.DataSourceUtils - Returning JDBC Connection to DataSource
10:13:42.560 [Test worker] DEBUG org.springframework.jdbc.core.JdbcTemplate - Executing SQL update and returning generated keys
10:13:42.560 [Test worker] DEBUG org.springframework.jdbc.core.JdbcTemplate - Executing prepared SQL statement
10:13:42.560 [Test worker] DEBUG org.springframework.jdbc.datasource.DataSourceUtils - Fetching JDBC Connection from DataSource
10:13:42.576 [Test worker] DEBUG org.springframework.jdbc.core.JdbcTemplate - SQL update affected 1 rows and returned 1 keys
10:13:42.576 [Test worker] DEBUG org.springframework.jdbc.datasource.DataSourceUtils - Returning JDBC Connection to DataSource
10:13:42.576 [Test worker] DEBUG org.springframework.jdbc.core.JdbcTemplate - Executing prepared SQL query
10:13:42.576 [Test worker] DEBUG org.springframework.jdbc.core.JdbcTemplate - Executing prepared SQL statement [SELECT id, project_id, user_id, date, hours FROM time_entries WHERE id = ?]
10:13:42.576 [Test worker] DEBUG org.springframework.jdbc.datasource.DataSourceUtils - Fetching JDBC Connection from DataSource
10:13:42.592 [Test worker] DEBUG org.springframework.jdbc.datasource.DataSourceUtils - Returning JDBC Connection to DataSource
10:13:42.592 [Test worker] DEBUG org.springframework.jdbc.core.JdbcTemplate - Executing SQL statement [DELETE FROM time_entries]
10:13:42.592 [Test worker] DEBUG org.springframework.jdbc.datasource.DataSourceUtils - Fetching JDBC Connection from DataSource
10:13:42.607 [Test worker] DEBUG org.springframework.jdbc.datasource.DataSourceUtils - Returning JDBC Connection to DataSource
10:13:42.607 [Test worker] DEBUG org.springframework.jdbc.core.JdbcTemplate - Executing prepared SQL query
10:13:42.607 [Test worker] DEBUG org.springframework.jdbc.core.JdbcTemplate - Executing prepared SQL statement [SELECT id, project_id, user_id, date, hours FROM time_entries WHERE id = ?]
10:13:42.607 [Test worker] DEBUG org.springframework.jdbc.datasource.DataSourceUtils - Fetching JDBC Connection from DataSource
10:13:42.623 [Test worker] DEBUG org.springframework.jdbc.datasource.DataSourceUtils - Returning JDBC Connection to DataSource
10:13:42.623 [Test worker] DEBUG org.springframework.jdbc.core.JdbcTemplate - Executing SQL statement [DELETE FROM time_entries]
10:13:42.623 [Test worker] DEBUG org.springframework.jdbc.datasource.DataSourceUtils - Fetching JDBC Connection from DataSource
10:13:42.623 [Test worker] DEBUG org.springframework.jdbc.datasource.DataSourceUtils - Returning JDBC Connection to DataSource
10:13:42.623 [Test worker] DEBUG org.springframework.jdbc.core.JdbcTemplate - Executing SQL update and returning generated keys
10:13:42.623 [Test worker] DEBUG org.springframework.jdbc.core.JdbcTemplate - Executing prepared SQL statement
10:13:42.623 [Test worker] DEBUG org.springframework.jdbc.datasource.DataSourceUtils - Fetching JDBC Connection from DataSource
10:13:42.639 [Test worker] DEBUG org.springframework.jdbc.core.JdbcTemplate - SQL update affected 1 rows and returned 1 keys
10:13:42.639 [Test worker] DEBUG org.springframework.jdbc.datasource.DataSourceUtils - Returning JDBC Connection to DataSource
10:13:42.639 [Test worker] DEBUG org.springframework.jdbc.core.JdbcTemplate - Executing prepared SQL query
10:13:42.639 [Test worker] DEBUG org.springframework.jdbc.core.JdbcTemplate - Executing prepared SQL statement [SELECT id, project_id, user_id, date, hours FROM time_entries WHERE id = ?]
10:13:42.639 [Test worker] DEBUG org.springframework.jdbc.datasource.DataSourceUtils - Fetching JDBC Connection from DataSource
10:13:42.639 [Test worker] DEBUG org.springframework.jdbc.datasource.DataSourceUtils - Returning JDBC Connection to DataSource
10:13:42.639 [Test worker] DEBUG org.springframework.jdbc.core.JdbcTemplate - Executing prepared SQL query
10:13:42.639 [Test worker] DEBUG org.springframework.jdbc.core.JdbcTemplate - Executing prepared SQL statement [Select * from time_entries where id = ?]
10:13:42.639 [Test worker] DEBUG org.springframework.jdbc.datasource.DataSourceUtils - Fetching JDBC Connection from DataSource
10:13:42.654 [Test worker] DEBUG org.springframework.jdbc.datasource.DataSourceUtils - Returning JDBC Connection to DataSource
10:13:42.654 [Test worker] DEBUG org.springframework.jdbc.core.JdbcTemplate - Executing SQL statement [DELETE FROM time_entries]
10:13:42.654 [Test worker] DEBUG org.springframework.jdbc.datasource.DataSourceUtils - Fetching JDBC Connection from DataSource
10:13:42.670 [Test worker] DEBUG org.springframework.jdbc.datasource.DataSourceUtils - Returning JDBC Connection to DataSource
10:13:42.670 [Test worker] DEBUG org.springframework.jdbc.core.JdbcTemplate - Executing SQL statement [INSERT INTO time_entries (id, project_id, user_id, date, hours) VALUES (999, 123, 321, 'today', 8)]
10:13:42.670 [Test worker] DEBUG org.springframework.jdbc.datasource.DataSourceUtils - Fetching JDBC Connection from DataSource
10:13:42.686 [Test worker] DEBUG org.springframework.jdbc.datasource.DataSourceUtils - Returning JDBC Connection to DataSource
10:13:42.686 [Test worker] DEBUG org.springframework.jdbc.core.JdbcTemplate - Executing prepared SQL update
10:13:42.686 [Test worker] DEBUG org.springframework.jdbc.core.JdbcTemplate - Executing prepared SQL statement [DELETE FROM time_entries WHERE id = ?]
10:13:42.686 [Test worker] DEBUG org.springframework.jdbc.datasource.DataSourceUtils - Fetching JDBC Connection from DataSource
10:13:42.686 [Test worker] DEBUG org.springframework.jdbc.core.JdbcTemplate - SQL update affected 1 rows
10:13:42.686 [Test worker] DEBUG org.springframework.jdbc.datasource.DataSourceUtils - Returning JDBC Connection to DataSource
10:13:42.686 [Test worker] DEBUG org.springframework.jdbc.core.JdbcTemplate - Executing prepared SQL query
10:13:42.686 [Test worker] DEBUG org.springframework.jdbc.core.JdbcTemplate - Executing prepared SQL statement [Select count(*) count from time_entries where id = ?]
10:13:42.686 [Test worker] DEBUG org.springframework.jdbc.datasource.DataSourceUtils - Fetching JDBC Connection from DataSource
10:13:42.701 [Test worker] DEBUG org.springframework.jdbc.datasource.DataSourceUtils - Returning JDBC Connection to DataSource
10:13:42.701 [Test worker] DEBUG org.springframework.jdbc.core.JdbcTemplate - Executing SQL statement [DELETE FROM time_entries]
10:13:42.701 [Test worker] DEBUG org.springframework.jdbc.datasource.DataSourceUtils - Fetching JDBC Connection from DataSource
10:13:42.701 [Test worker] DEBUG org.springframework.jdbc.datasource.DataSourceUtils - Returning JDBC Connection to DataSource
10:13:42.701 [Test worker] DEBUG org.springframework.jdbc.core.JdbcTemplate - Executing SQL statement [INSERT INTO time_entries (id, project_id, user_id, date, hours) VALUES (1000, 123, 321, 'today', 8)]
10:13:42.701 [Test worker] DEBUG org.springframework.jdbc.datasource.DataSourceUtils - Fetching JDBC Connection from DataSource
10:13:42.717 [Test worker] DEBUG org.springframework.jdbc.datasource.DataSourceUtils - Returning JDBC Connection to DataSource
10:13:42.717 [Test worker] DEBUG org.springframework.jdbc.core.JdbcTemplate - Executing prepared SQL update
10:13:42.717 [Test worker] DEBUG org.springframework.jdbc.core.JdbcTemplate - Executing prepared SQL statement [UPDATE time_entries SET project_id = ?, user_id = ?, date = ?,  hours = ? WHERE id = ?]
10:13:42.717 [Test worker] DEBUG org.springframework.jdbc.datasource.DataSourceUtils - Fetching JDBC Connection from DataSource
10:13:42.717 [Test worker] DEBUG org.springframework.jdbc.core.JdbcTemplate - SQL update affected 1 rows
10:13:42.717 [Test worker] DEBUG org.springframework.jdbc.datasource.DataSourceUtils - Returning JDBC Connection to DataSource
10:13:42.717 [Test worker] DEBUG org.springframework.jdbc.core.JdbcTemplate - Executing prepared SQL query
10:13:42.717 [Test worker] DEBUG org.springframework.jdbc.core.JdbcTemplate - Executing prepared SQL statement [SELECT id, project_id, user_id, date, hours FROM time_entries WHERE id = ?]
10:13:42.717 [Test worker] DEBUG org.springframework.jdbc.datasource.DataSourceUtils - Fetching JDBC Connection from DataSource
10:13:42.732 [Test worker] DEBUG org.springframework.jdbc.datasource.DataSourceUtils - Returning JDBC Connection to DataSource
10:13:42.732 [Test worker] DEBUG org.springframework.jdbc.core.JdbcTemplate - Executing prepared SQL query
10:13:42.732 [Test worker] DEBUG org.springframework.jdbc.core.JdbcTemplate - Executing prepared SQL statement [Select * from time_entries where id = ?]
10:13:42.732 [Test worker] DEBUG org.springframework.jdbc.datasource.DataSourceUtils - Fetching JDBC Connection from DataSource
10:13:42.732 [Test worker] DEBUG org.springframework.jdbc.datasource.DataSourceUtils - Returning JDBC Connection to DataSource
10:13:42.732 [Test worker] DEBUG org.springframework.jdbc.core.JdbcTemplate - Executing SQL statement [DELETE FROM time_entries]
10:13:42.732 [Test worker] DEBUG org.springframework.jdbc.datasource.DataSourceUtils - Fetching JDBC Connection from DataSource
10:13:42.748 [Test worker] DEBUG org.springframework.jdbc.datasource.DataSourceUtils - Returning JDBC Connection to DataSource
10:13:42.748 [Test worker] DEBUG org.springframework.jdbc.core.JdbcTemplate - Executing SQL statement [INSERT INTO time_entries (id, project_id, user_id, date, hours) VALUES (999, 123, 321, 'today', 8)]
10:13:42.748 [Test worker] DEBUG org.springframework.jdbc.datasource.DataSourceUtils - Fetching JDBC Connection from DataSource
10:13:42.748 [Test worker] DEBUG org.springframework.jdbc.datasource.DataSourceUtils - Returning JDBC Connection to DataSource
10:13:42.748 [Test worker] DEBUG org.springframework.jdbc.core.JdbcTemplate - Executing prepared SQL query
10:13:42.748 [Test worker] DEBUG org.springframework.jdbc.core.JdbcTemplate - Executing prepared SQL statement [SELECT id, project_id, user_id, date, hours FROM time_entries WHERE id = ?]
10:13:42.748 [Test worker] DEBUG org.springframework.jdbc.datasource.DataSourceUtils - Fetching JDBC Connection from DataSource
10:13:42.764 [Test worker] DEBUG org.springframework.jdbc.datasource.DataSourceUtils - Returning JDBC Connection to DataSource
10:13:42.764 [Test worker] DEBUG org.springframework.jdbc.core.JdbcTemplate - Executing SQL statement [DELETE FROM time_entries]
10:13:42.764 [Test worker] DEBUG org.springframework.jdbc.datasource.DataSourceUtils - Fetching JDBC Connection from DataSource
10:13:42.780 [Test worker] DEBUG org.springframework.jdbc.datasource.DataSourceUtils - Returning JDBC Connection to DataSource
10:13:42.780 [Test worker] DEBUG org.springframework.jdbc.core.JdbcTemplate - Executing SQL statement [INSERT INTO time_entries (id, project_id, user_id, date, hours) VALUES (999, 123, 321, 'today', 8), (888, 456, 678, 'yesterday', 9)]
10:13:42.780 [Test worker] DEBUG org.springframework.jdbc.datasource.DataSourceUtils - Fetching JDBC Connection from DataSource
10:13:42.788 [Test worker] DEBUG org.springframework.jdbc.datasource.DataSourceUtils - Returning JDBC Connection to DataSource
10:13:42.792 [Test worker] DEBUG org.springframework.jdbc.core.JdbcTemplate - Executing SQL query [SELECT id, project_id, user_id, date, hours FROM time_entries]
10:13:42.792 [Test worker] DEBUG org.springframework.jdbc.datasource.DataSourceUtils - Fetching JDBC Connection from DataSource
10:13:42.796 [Test worker] DEBUG org.springframework.jdbc.datasource.DataSourceUtils - Returning JDBC Connection to DataSource
]]></system-out>
  <system-err><![CDATA[]]></system-err>
</testsuite>
