<?xml version="1.0" encoding="UTF-8"?>
<testsuite name="test.pivotal.pal.trackerapi.WelcomeApiTest" tests="1" skipped="0" failures="0" errors="0" timestamp="2017-09-11T03:28:44" hostname="LIN37000770" time="0.015">
  <properties/>
  <testcase name="exampleTest" classname="test.pivotal.pal.trackerapi.WelcomeApiTest" time="0.015"/>
  <system-out><![CDATA[2017-09-11 08:58:44.021  INFO 9892 --- [    Test worker] .b.t.c.SpringBootTestContextBootstrapper : Neither @ContextConfiguration nor @ContextHierarchy found for test class [test.pivotal.pal.trackerapi.WelcomeApiTest], using SpringBootContextLoader
2017-09-11 08:58:44.021  INFO 9892 --- [    Test worker] o.s.t.c.support.AbstractContextLoader    : Could not detect default resource locations for test class [test.pivotal.pal.trackerapi.WelcomeApiTest]: no resource found for suffixes {-context.xml, Context.groovy}.
2017-09-11 08:58:44.036  INFO 9892 --- [    Test worker] .b.t.c.SpringBootTestContextBootstrapper : Loaded default TestExecutionListener class names from location [META-INF/spring.factories]: [org.springframework.boot.test.mock.mockito.MockitoTestExecutionListener, org.springframework.boot.test.mock.mockito.ResetMocksTestExecutionListener, org.springframework.boot.test.autoconfigure.restdocs.RestDocsTestExecutionListener, org.springframework.boot.test.autoconfigure.web.client.MockRestServiceServerResetTestExecutionListener, org.springframework.boot.test.autoconfigure.web.servlet.MockMvcPrintOnlyOnFailureTestExecutionListener, org.springframework.boot.test.autoconfigure.web.servlet.WebDriverTestExecutionListener, org.springframework.test.context.web.ServletTestExecutionListener, org.springframework.test.context.support.DirtiesContextBeforeModesTestExecutionListener, org.springframework.test.context.support.DependencyInjectionTestExecutionListener, org.springframework.test.context.support.DirtiesContextTestExecutionListener, org.springframework.test.context.transaction.TransactionalTestExecutionListener, org.springframework.test.context.jdbc.SqlScriptsTestExecutionListener]
2017-09-11 08:58:44.036  INFO 9892 --- [    Test worker] .b.t.c.SpringBootTestContextBootstrapper : Using TestExecutionListeners: [org.springframework.test.context.web.ServletTestExecutionListener@1bb4957, org.springframework.test.context.support.DirtiesContextBeforeModesTestExecutionListener@2a8fc8d8, org.springframework.boot.test.autoconfigure.SpringBootDependencyInjectionTestExecutionListener@15ee3238, org.springframework.test.context.support.DirtiesContextTestExecutionListener@69d16477, org.springframework.test.context.transaction.TransactionalTestExecutionListener@32fb69eb, org.springframework.test.context.jdbc.SqlScriptsTestExecutionListener@66e6be64, org.springframework.boot.test.autoconfigure.web.client.MockRestServiceServerResetTestExecutionListener@27d3f72, org.springframework.boot.test.mock.mockito.ResetMocksTestExecutionListener@606d0196, org.springframework.boot.test.autoconfigure.web.servlet.MockMvcPrintOnlyOnFailureTestExecutionListener@9b08841, org.springframework.boot.test.mock.mockito.MockitoTestExecutionListener@5af6028d, org.springframework.boot.test.autoconfigure.restdocs.RestDocsTestExecutionListener@311b200e, org.springframework.boot.test.autoconfigure.web.servlet.WebDriverTestExecutionListener@3972f60a]
]]></system-out>
  <system-err><![CDATA[]]></system-err>
</testsuite>
