<?xml version="1.0" encoding="UTF-8"?>
<testsuite name="test.pivotal.pal.trackerapi.SecurityApiTest" tests="2" skipped="0" failures="0" errors="0" timestamp="2017-09-11T04:43:49" hostname="LIN37000770" time="0.078">
  <properties/>
  <testcase name="unauthorizedTest" classname="test.pivotal.pal.trackerapi.SecurityApiTest" time="0.047"/>
  <testcase name="authorizedTest" classname="test.pivotal.pal.trackerapi.SecurityApiTest" time="0.031"/>
  <system-out><![CDATA[2017-09-11 10:13:49.132  INFO 11320 --- [    Test worker] .b.t.c.SpringBootTestContextBootstrapper : Neither @ContextConfiguration nor @ContextHierarchy found for test class [test.pivotal.pal.trackerapi.SecurityApiTest], using SpringBootContextLoader
2017-09-11 10:13:49.136  INFO 11320 --- [    Test worker] o.s.t.c.support.AbstractContextLoader    : Could not detect default resource locations for test class [test.pivotal.pal.trackerapi.SecurityApiTest]: no resource found for suffixes {-context.xml, Context.groovy}.
2017-09-11 10:13:49.156  INFO 11320 --- [    Test worker] .b.t.c.SpringBootTestContextBootstrapper : Loaded default TestExecutionListener class names from location [META-INF/spring.factories]: [org.springframework.boot.test.mock.mockito.MockitoTestExecutionListener, org.springframework.boot.test.mock.mockito.ResetMocksTestExecutionListener, org.springframework.boot.test.autoconfigure.restdocs.RestDocsTestExecutionListener, org.springframework.boot.test.autoconfigure.web.client.MockRestServiceServerResetTestExecutionListener, org.springframework.boot.test.autoconfigure.web.servlet.MockMvcPrintOnlyOnFailureTestExecutionListener, org.springframework.boot.test.autoconfigure.web.servlet.WebDriverTestExecutionListener, org.springframework.test.context.web.ServletTestExecutionListener, org.springframework.test.context.support.DirtiesContextBeforeModesTestExecutionListener, org.springframework.test.context.support.DependencyInjectionTestExecutionListener, org.springframework.test.context.support.DirtiesContextTestExecutionListener, org.springframework.test.context.transaction.TransactionalTestExecutionListener, org.springframework.test.context.jdbc.SqlScriptsTestExecutionListener]
2017-09-11 10:13:49.172  INFO 11320 --- [    Test worker] .b.t.c.SpringBootTestContextBootstrapper : Using TestExecutionListeners: [org.springframework.test.context.web.ServletTestExecutionListener@2c32f838, org.springframework.test.context.support.DirtiesContextBeforeModesTestExecutionListener@dbb9f0b, org.springframework.boot.test.autoconfigure.SpringBootDependencyInjectionTestExecutionListener@4e0b3cf4, org.springframework.test.context.support.DirtiesContextTestExecutionListener@18a1cf73, org.springframework.test.context.transaction.TransactionalTestExecutionListener@23691767, org.springframework.test.context.jdbc.SqlScriptsTestExecutionListener@72fb87c6, org.springframework.boot.test.autoconfigure.web.client.MockRestServiceServerResetTestExecutionListener@6580f9f1, org.springframework.boot.test.mock.mockito.ResetMocksTestExecutionListener@73cc6865, org.springframework.boot.test.autoconfigure.web.servlet.MockMvcPrintOnlyOnFailureTestExecutionListener@18f59b54, org.springframework.boot.test.mock.mockito.MockitoTestExecutionListener@369efa3b, org.springframework.boot.test.autoconfigure.restdocs.RestDocsTestExecutionListener@5433c268, org.springframework.boot.test.autoconfigure.web.servlet.WebDriverTestExecutionListener@44ac17cb]
]]></system-out>
  <system-err><![CDATA[]]></system-err>
</testsuite>
