<?xml version="1.0" encoding="UTF-8"?>
<testsuite name="test.pivotal.pal.trackerapi.TimeEntryApiTest" tests="5" skipped="0" failures="0" errors="0" timestamp="2017-09-11T03:28:43" hostname="LIN37000770" time="0.469">
  <properties/>
  <testcase name="testList" classname="test.pivotal.pal.trackerapi.TimeEntryApiTest" time="0.172"/>
  <testcase name="testRead" classname="test.pivotal.pal.trackerapi.TimeEntryApiTest" time="0.094"/>
  <testcase name="testCreate" classname="test.pivotal.pal.trackerapi.TimeEntryApiTest" time="0.062"/>
  <testcase name="testDelete" classname="test.pivotal.pal.trackerapi.TimeEntryApiTest" time="0.078"/>
  <testcase name="testUpdate" classname="test.pivotal.pal.trackerapi.TimeEntryApiTest" time="0.063"/>
  <system-out><![CDATA[2017-09-11 08:58:43.505  INFO 9892 --- [    Test worker] .b.t.c.SpringBootTestContextBootstrapper : Neither @ContextConfiguration nor @ContextHierarchy found for test class [test.pivotal.pal.trackerapi.TimeEntryApiTest], using SpringBootContextLoader
2017-09-11 08:58:43.505  INFO 9892 --- [    Test worker] o.s.t.c.support.AbstractContextLoader    : Could not detect default resource locations for test class [test.pivotal.pal.trackerapi.TimeEntryApiTest]: no resource found for suffixes {-context.xml, Context.groovy}.
2017-09-11 08:58:43.520  INFO 9892 --- [    Test worker] .b.t.c.SpringBootTestContextBootstrapper : Loaded default TestExecutionListener class names from location [META-INF/spring.factories]: [org.springframework.boot.test.mock.mockito.MockitoTestExecutionListener, org.springframework.boot.test.mock.mockito.ResetMocksTestExecutionListener, org.springframework.boot.test.autoconfigure.restdocs.RestDocsTestExecutionListener, org.springframework.boot.test.autoconfigure.web.client.MockRestServiceServerResetTestExecutionListener, org.springframework.boot.test.autoconfigure.web.servlet.MockMvcPrintOnlyOnFailureTestExecutionListener, org.springframework.boot.test.autoconfigure.web.servlet.WebDriverTestExecutionListener, org.springframework.test.context.web.ServletTestExecutionListener, org.springframework.test.context.support.DirtiesContextBeforeModesTestExecutionListener, org.springframework.test.context.support.DependencyInjectionTestExecutionListener, org.springframework.test.context.support.DirtiesContextTestExecutionListener, org.springframework.test.context.transaction.TransactionalTestExecutionListener, org.springframework.test.context.jdbc.SqlScriptsTestExecutionListener]
2017-09-11 08:58:43.536  INFO 9892 --- [    Test worker] .b.t.c.SpringBootTestContextBootstrapper : Using TestExecutionListeners: [org.springframework.test.context.web.ServletTestExecutionListener@5d52098b, org.springframework.test.context.support.DirtiesContextBeforeModesTestExecutionListener@2756b92d, org.springframework.boot.test.autoconfigure.SpringBootDependencyInjectionTestExecutionListener@593da4b7, org.springframework.test.context.support.DirtiesContextTestExecutionListener@771d8a41, org.springframework.test.context.transaction.TransactionalTestExecutionListener@3a4edb78, org.springframework.test.context.jdbc.SqlScriptsTestExecutionListener@284382cd, org.springframework.boot.test.autoconfigure.web.client.MockRestServiceServerResetTestExecutionListener@1cef836e, org.springframework.boot.test.mock.mockito.ResetMocksTestExecutionListener@7bb5d30, org.springframework.boot.test.autoconfigure.web.servlet.MockMvcPrintOnlyOnFailureTestExecutionListener@4be2c3a4, org.springframework.boot.test.mock.mockito.MockitoTestExecutionListener@7f8375ff, org.springframework.boot.test.autoconfigure.restdocs.RestDocsTestExecutionListener@1f977d92, org.springframework.boot.test.autoconfigure.web.servlet.WebDriverTestExecutionListener@4298e18d]
]]></system-out>
  <system-err><![CDATA[]]></system-err>
</testsuite>
